{"uid":"1025d3281c607c8d","name":"Deleted user is deactivated","fullName":"ua.kpi.sc.test.api.tests.user.UserDeleteTest.deletedUserIsDeactivated","historyId":"22c965825f7590e0b7f2469b1e54fa4a","time":{"start":1770985126049,"stop":1770985126540,"duration":491},"status":"failed","statusMessage":"[Expected HTTP status 200 but got 401. Body: {\n    \"detail\": \"Authentication required\",\n    \"instance\": \"/api/v1/users/712340cc-7f1b-40ad-9e29-e3f9a47037b2\",\n    \"status\": 401,\n    \"title\": \"Unauthorized\",\n    \"type\": \"https://api.sc.kpi.ua/errors/401\"\n}] \nexpected: 200\n but was: 401","statusTrace":"java.lang.AssertionError: [Expected HTTP status 200 but got 401. Body: {\n    \"detail\": \"Authentication required\",\n    \"instance\": \"/api/v1/users/712340cc-7f1b-40ad-9e29-e3f9a47037b2\",\n    \"status\": 401,\n    \"title\": \"Unauthorized\",\n    \"type\": \"https://api.sc.kpi.ua/errors/401\"\n}] \nexpected: 200\n but was: 401\n\tat ua.kpi.sc.test.api.util.AssertionHelper.assertStatusCode(AssertionHelper.java:18)\n\tat ua.kpi.sc.test.api.base.BaseApiTest.assertOk(BaseApiTest.java:117)\n\tat ua.kpi.sc.test.api.tests.user.UserDeleteTest.deletedUserIsDeactivated(UserDeleteTest.java:34)\n\tat java.base/jdk.internal.reflect.DirectMethodHandleAccessor.invoke(DirectMethodHandleAccessor.java:104)\n\tat java.base/java.lang.reflect.Method.invoke(Method.java:565)\n\tat org.testng.internal.invokers.MethodInvocationHelper.invokeMethod(MethodInvocationHelper.java:141)\n\tat org.testng.internal.invokers.TestInvoker.invokeMethod(TestInvoker.java:697)\n\tat org.testng.internal.invokers.TestInvoker.invokeTestMethod(TestInvoker.java:230)\n\tat org.testng.internal.invokers.MethodRunner.runInSequence(MethodRunner.java:63)\n\tat org.testng.internal.invokers.TestInvoker$MethodInvocationAgent.invoke(TestInvoker.java:1005)\n\tat org.testng.internal.invokers.TestInvoker.invokeTestMethods(TestInvoker.java:203)\n\tat org.testng.internal.invokers.TestMethodWorker.invokeTestMethods(TestMethodWorker.java:154)\n\tat org.testng.internal.invokers.TestMethodWorker.run(TestMethodWorker.java:134)\n\tat java.base/java.util.concurrent.Executors$RunnableAdapter.call(Executors.java:545)\n\tat java.base/java.util.concurrent.FutureTask.run(FutureTask.java:328)\n\tat org.testng.internal.thread.graph.TestNGFutureTask.run(TestNGFutureTask.java:22)\n\tat java.base/java.util.concurrent.ThreadPoolExecutor.runWorker(ThreadPoolExecutor.java:1090)\n\tat java.base/java.util.concurrent.ThreadPoolExecutor$Worker.run(ThreadPoolExecutor.java:614)\n\tat java.base/java.lang.Thread.run(Thread.java:1474)\n","flaky":false,"newFailed":false,"newBroken":false,"newPassed":false,"retriesCount":0,"retriesStatusChange":false,"beforeStages":[{"name":"baseSetUp","time":{"start":1770985124894,"stop":1770985124894,"duration":0},"description":"","status":"passed","steps":[],"attachments":[],"parameters":[],"stepsCount":0,"shouldDisplayMessage":false,"attachmentsCount":0,"hasContent":false,"attachmentStep":false},{"name":"baseBeforeMethod","time":{"start":1770985126046,"stop":1770985126046,"duration":0},"description":"","status":"passed","steps":[],"attachments":[],"parameters":[],"stepsCount":0,"shouldDisplayMessage":false,"attachmentsCount":0,"hasContent":false,"attachmentStep":false}],"testStage":{"status":"failed","statusMessage":"[Expected HTTP status 200 but got 401. Body: {\n    \"detail\": \"Authentication required\",\n    \"instance\": \"/api/v1/users/712340cc-7f1b-40ad-9e29-e3f9a47037b2\",\n    \"status\": 401,\n    \"title\": \"Unauthorized\",\n    \"type\": \"https://api.sc.kpi.ua/errors/401\"\n}] \nexpected: 200\n but was: 401","statusTrace":"java.lang.AssertionError: [Expected HTTP status 200 but got 401. Body: {\n    \"detail\": \"Authentication required\",\n    \"instance\": \"/api/v1/users/712340cc-7f1b-40ad-9e29-e3f9a47037b2\",\n    \"status\": 401,\n    \"title\": \"Unauthorized\",\n    \"type\": \"https://api.sc.kpi.ua/errors/401\"\n}] \nexpected: 200\n but was: 401\n\tat ua.kpi.sc.test.api.util.AssertionHelper.assertStatusCode(AssertionHelper.java:18)\n\tat ua.kpi.sc.test.api.base.BaseApiTest.assertOk(BaseApiTest.java:117)\n\tat ua.kpi.sc.test.api.tests.user.UserDeleteTest.deletedUserIsDeactivated(UserDeleteTest.java:34)\n\tat java.base/jdk.internal.reflect.DirectMethodHandleAccessor.invoke(DirectMethodHandleAccessor.java:104)\n\tat java.base/java.lang.reflect.Method.invoke(Method.java:565)\n\tat org.testng.internal.invokers.MethodInvocationHelper.invokeMethod(MethodInvocationHelper.java:141)\n\tat org.testng.internal.invokers.TestInvoker.invokeMethod(TestInvoker.java:697)\n\tat org.testng.internal.invokers.TestInvoker.invokeTestMethod(TestInvoker.java:230)\n\tat org.testng.internal.invokers.MethodRunner.runInSequence(MethodRunner.java:63)\n\tat org.testng.internal.invokers.TestInvoker$MethodInvocationAgent.invoke(TestInvoker.java:1005)\n\tat org.testng.internal.invokers.TestInvoker.invokeTestMethods(TestInvoker.java:203)\n\tat org.testng.internal.invokers.TestMethodWorker.invokeTestMethods(TestMethodWorker.java:154)\n\tat org.testng.internal.invokers.TestMethodWorker.run(TestMethodWorker.java:134)\n\tat java.base/java.util.concurrent.Executors$RunnableAdapter.call(Executors.java:545)\n\tat java.base/java.util.concurrent.FutureTask.run(FutureTask.java:328)\n\tat org.testng.internal.thread.graph.TestNGFutureTask.run(TestNGFutureTask.java:22)\n\tat java.base/java.util.concurrent.ThreadPoolExecutor.runWorker(ThreadPoolExecutor.java:1090)\n\tat java.base/java.util.concurrent.ThreadPoolExecutor$Worker.run(ThreadPoolExecutor.java:614)\n\tat java.base/java.lang.Thread.run(Thread.java:1474)\n","steps":[{"name":"POST /auth/register — Register user: curt.ruecker@gmail.com","time":{"start":1770985126050,"stop":1770985126483,"duration":433},"status":"passed","steps":[],"attachments":[{"uid":"ff1b718a849f2fa0","name":"Request","source":"ff1b718a849f2fa0.html","type":"text/html","size":921},{"uid":"ca50c9eadc3fc5c7","name":"HTTP/1.1 201 ","source":"ca50c9eadc3fc5c7.html","type":"text/html","size":1191}],"parameters":[{"name":"request","value":"RegisterRequest(email=curt.ruecker@gmail.com, password=Test@361422, firstName=Latonya, lastName=Pouros)"}],"stepsCount":0,"shouldDisplayMessage":false,"attachmentsCount":2,"hasContent":true,"attachmentStep":false},{"name":"Assert status code is 201","time":{"start":1770985126483,"stop":1770985126484,"duration":1},"status":"passed","steps":[],"attachments":[],"parameters":[{"name":"response","value":"io.restassured.internal.RestAssuredResponseImpl@67b0e6c5"},{"name":"expectedStatus","value":"201"}],"stepsCount":0,"shouldDisplayMessage":false,"attachmentsCount":0,"hasContent":true,"attachmentStep":false},{"name":"DELETE /users/712340cc-7f1b-40ad-9e29-e3f9a47037b2 — Delete user: 712340cc-7f1b-40ad-9e29-e3f9a47037b2","time":{"start":1770985126494,"stop":1770985126522,"duration":28},"status":"passed","steps":[],"attachments":[{"uid":"20a4e4ef930d888a","name":"Request","source":"20a4e4ef930d888a.html","type":"text/html","size":472},{"uid":"86f6fc8e5e5d7059","name":"HTTP/1.1 401 ","source":"86f6fc8e5e5d7059.html","type":"text/html","size":1005}],"parameters":[{"name":"id","value":"712340cc-7f1b-40ad-9e29-e3f9a47037b2"},{"name":"authToken","value":"null"}],"stepsCount":0,"shouldDisplayMessage":false,"attachmentsCount":2,"hasContent":true,"attachmentStep":false},{"name":"GET /users/712340cc-7f1b-40ad-9e29-e3f9a47037b2 — Get user by ID: 712340cc-7f1b-40ad-9e29-e3f9a47037b2","time":{"start":1770985126522,"stop":1770985126538,"duration":16},"status":"passed","steps":[],"attachments":[{"uid":"41907c44fbd5ef15","name":"Request","source":"41907c44fbd5ef15.html","type":"text/html","size":466},{"uid":"1f25821e34e92578","name":"HTTP/1.1 401 ","source":"1f25821e34e92578.html","type":"text/html","size":1005}],"parameters":[{"name":"id","value":"712340cc-7f1b-40ad-9e29-e3f9a47037b2"},{"name":"authToken","value":"null"}],"stepsCount":0,"shouldDisplayMessage":false,"attachmentsCount":2,"hasContent":true,"attachmentStep":false},{"name":"Assert status code is 200","time":{"start":1770985126538,"stop":1770985126539,"duration":1},"status":"failed","statusMessage":"[Expected HTTP status 200 but got 401. Body: {\n    \"detail\": \"Authentication required\",\n    \"instance\": \"/api/v1/users/712340cc-7f1b-40ad-9e29-e3f9a47037b2\",\n    \"status\": 401,\n    \"title\": \"Unauthorized\",\n    \"type\": \"https://api.sc.kpi.ua/errors/401\"\n}] \nexpected: 200\n but was: 401","statusTrace":"java.lang.AssertionError: [Expected HTTP status 200 but got 401. Body: {\n    \"detail\": \"Authentication required\",\n    \"instance\": \"/api/v1/users/712340cc-7f1b-40ad-9e29-e3f9a47037b2\",\n    \"status\": 401,\n    \"title\": \"Unauthorized\",\n    \"type\": \"https://api.sc.kpi.ua/errors/401\"\n}] \nexpected: 200\n but was: 401\n\tat ua.kpi.sc.test.api.util.AssertionHelper.assertStatusCode(AssertionHelper.java:18)\n\tat ua.kpi.sc.test.api.base.BaseApiTest.assertOk(BaseApiTest.java:117)\n\tat ua.kpi.sc.test.api.tests.user.UserDeleteTest.deletedUserIsDeactivated(UserDeleteTest.java:34)\n\tat java.base/jdk.internal.reflect.DirectMethodHandleAccessor.invoke(DirectMethodHandleAccessor.java:104)\n\tat java.base/java.lang.reflect.Method.invoke(Method.java:565)\n\tat org.testng.internal.invokers.MethodInvocationHelper.invokeMethod(MethodInvocationHelper.java:141)\n\tat org.testng.internal.invokers.TestInvoker.invokeMethod(TestInvoker.java:697)\n\tat org.testng.internal.invokers.TestInvoker.invokeTestMethod(TestInvoker.java:230)\n\tat org.testng.internal.invokers.MethodRunner.runInSequence(MethodRunner.java:63)\n\tat org.testng.internal.invokers.TestInvoker$MethodInvocationAgent.invoke(TestInvoker.java:1005)\n\tat org.testng.internal.invokers.TestInvoker.invokeTestMethods(TestInvoker.java:203)\n\tat org.testng.internal.invokers.TestMethodWorker.invokeTestMethods(TestMethodWorker.java:154)\n\tat org.testng.internal.invokers.TestMethodWorker.run(TestMethodWorker.java:134)\n\tat java.base/java.util.concurrent.Executors$RunnableAdapter.call(Executors.java:545)\n\tat java.base/java.util.concurrent.FutureTask.run(FutureTask.java:328)\n\tat org.testng.internal.thread.graph.TestNGFutureTask.run(TestNGFutureTask.java:22)\n\tat java.base/java.util.concurrent.ThreadPoolExecutor.runWorker(ThreadPoolExecutor.java:1090)\n\tat java.base/java.util.concurrent.ThreadPoolExecutor$Worker.run(ThreadPoolExecutor.java:614)\n\tat java.base/java.lang.Thread.run(Thread.java:1474)\n","steps":[],"attachments":[],"parameters":[{"name":"response","value":"io.restassured.internal.RestAssuredResponseImpl@2324b757"},{"name":"expectedStatus","value":"200"}],"stepsCount":0,"shouldDisplayMessage":true,"attachmentsCount":0,"hasContent":true,"attachmentStep":false}],"attachments":[{"uid":"221a99f1f38262ac","name":"Stack Trace","source":"221a99f1f38262ac.txt","type":"text/plain","size":1923}],"parameters":[],"stepsCount":5,"shouldDisplayMessage":false,"attachmentsCount":7,"hasContent":true,"attachmentStep":false},"afterStages":[{"name":"baseAfterMethod","time":{"start":1770985126540,"stop":1770985126541,"duration":1},"description":"","status":"passed","steps":[],"attachments":[],"parameters":[],"stepsCount":0,"shouldDisplayMessage":false,"attachmentsCount":0,"hasContent":false,"attachmentStep":false}],"labels":[{"name":"package","value":"ua.kpi.sc.test.api.tests.user.UserDeleteTest"},{"name":"testClass","value":"ua.kpi.sc.test.api.tests.user.UserDeleteTest"},{"name":"testMethod","value":"deletedUserIsDeactivated"},{"name":"parentSuite","value":"All Tests"},{"name":"suite","value":"All"},{"name":"subSuite","value":"ua.kpi.sc.test.api.tests.user.UserDeleteTest"},{"name":"host","value":"runnervmjduv7"},{"name":"thread","value":"4531@runnervmjduv7.TestNG-test-All-1(33)"},{"name":"framework","value":"testng"},{"name":"language","value":"java"},{"name":"feature","value":"Delete User"},{"name":"epic","value":"User Management"},{"name":"thread","value":"TestNG-test-All-1"},{"name":"resultFormat","value":"allure2"}],"parameters":[],"links":[],"hidden":false,"retry":false,"extra":{"severity":"normal","retries":[],"categories":[{"name":"Product defects","matchedStatuses":[],"flaky":false}],"tags":[]},"source":"1025d3281c607c8d.json","parameterValues":[]}