{"uid":"6c0652e37d9de8d0","name":"Removed partner is gone from user response","fullName":"ua.kpi.sc.test.api.tests.user.UserRemovePartnerTest.removedPartnerGoneFromUser","historyId":"b452703158f207daf90d6ee6c4fd7c57","time":{"start":1770985124585,"stop":1770985125306,"duration":721},"status":"failed","statusMessage":"[Expected HTTP status 200 but got 401. Body: {\n    \"detail\": \"Authentication required\",\n    \"instance\": \"/api/v1/users/4c331147-cf66-439b-ad67-5c44e3faa28c\",\n    \"status\": 401,\n    \"title\": \"Unauthorized\",\n    \"type\": \"https://api.sc.kpi.ua/errors/401\"\n}] \nexpected: 200\n but was: 401","statusTrace":"java.lang.AssertionError: [Expected HTTP status 200 but got 401. Body: {\n    \"detail\": \"Authentication required\",\n    \"instance\": \"/api/v1/users/4c331147-cf66-439b-ad67-5c44e3faa28c\",\n    \"status\": 401,\n    \"title\": \"Unauthorized\",\n    \"type\": \"https://api.sc.kpi.ua/errors/401\"\n}] \nexpected: 200\n but was: 401\n\tat ua.kpi.sc.test.api.util.AssertionHelper.assertStatusCode(AssertionHelper.java:18)\n\tat ua.kpi.sc.test.api.base.BaseApiTest.assertOk(BaseApiTest.java:117)\n\tat ua.kpi.sc.test.api.tests.user.UserRemovePartnerTest.removedPartnerGoneFromUser(UserRemovePartnerTest.java:39)\n\tat java.base/jdk.internal.reflect.DirectMethodHandleAccessor.invoke(DirectMethodHandleAccessor.java:104)\n\tat java.base/java.lang.reflect.Method.invoke(Method.java:565)\n\tat org.testng.internal.invokers.MethodInvocationHelper.invokeMethod(MethodInvocationHelper.java:141)\n\tat org.testng.internal.invokers.TestInvoker.invokeMethod(TestInvoker.java:697)\n\tat org.testng.internal.invokers.TestInvoker.invokeTestMethod(TestInvoker.java:230)\n\tat org.testng.internal.invokers.MethodRunner.runInSequence(MethodRunner.java:63)\n\tat org.testng.internal.invokers.TestInvoker$MethodInvocationAgent.invoke(TestInvoker.java:1005)\n\tat org.testng.internal.invokers.TestInvoker.invokeTestMethods(TestInvoker.java:203)\n\tat org.testng.internal.invokers.TestMethodWorker.invokeTestMethods(TestMethodWorker.java:154)\n\tat org.testng.internal.invokers.TestMethodWorker.run(TestMethodWorker.java:134)\n\tat java.base/java.util.concurrent.Executors$RunnableAdapter.call(Executors.java:545)\n\tat java.base/java.util.concurrent.FutureTask.run(FutureTask.java:328)\n\tat org.testng.internal.thread.graph.TestNGFutureTask.run(TestNGFutureTask.java:22)\n\tat java.base/java.util.concurrent.ThreadPoolExecutor.runWorker(ThreadPoolExecutor.java:1090)\n\tat java.base/java.util.concurrent.ThreadPoolExecutor$Worker.run(ThreadPoolExecutor.java:614)\n\tat java.base/java.lang.Thread.run(Thread.java:1474)\n","flaky":false,"newFailed":false,"newBroken":false,"newPassed":false,"retriesCount":0,"retriesStatusChange":false,"beforeStages":[{"name":"baseSetUp","time":{"start":1770985123827,"stop":1770985123828,"duration":1},"description":"","status":"passed","steps":[],"attachments":[],"parameters":[],"stepsCount":0,"shouldDisplayMessage":false,"attachmentsCount":0,"hasContent":false,"attachmentStep":false},{"name":"baseBeforeMethod","time":{"start":1770985124584,"stop":1770985124584,"duration":0},"description":"","status":"passed","steps":[],"attachments":[],"parameters":[],"stepsCount":0,"shouldDisplayMessage":false,"attachmentsCount":0,"hasContent":false,"attachmentStep":false}],"testStage":{"status":"failed","statusMessage":"[Expected HTTP status 200 but got 401. Body: {\n    \"detail\": \"Authentication required\",\n    \"instance\": \"/api/v1/users/4c331147-cf66-439b-ad67-5c44e3faa28c\",\n    \"status\": 401,\n    \"title\": \"Unauthorized\",\n    \"type\": \"https://api.sc.kpi.ua/errors/401\"\n}] \nexpected: 200\n but was: 401","statusTrace":"java.lang.AssertionError: [Expected HTTP status 200 but got 401. Body: {\n    \"detail\": \"Authentication required\",\n    \"instance\": \"/api/v1/users/4c331147-cf66-439b-ad67-5c44e3faa28c\",\n    \"status\": 401,\n    \"title\": \"Unauthorized\",\n    \"type\": \"https://api.sc.kpi.ua/errors/401\"\n}] \nexpected: 200\n but was: 401\n\tat ua.kpi.sc.test.api.util.AssertionHelper.assertStatusCode(AssertionHelper.java:18)\n\tat ua.kpi.sc.test.api.base.BaseApiTest.assertOk(BaseApiTest.java:117)\n\tat ua.kpi.sc.test.api.tests.user.UserRemovePartnerTest.removedPartnerGoneFromUser(UserRemovePartnerTest.java:39)\n\tat java.base/jdk.internal.reflect.DirectMethodHandleAccessor.invoke(DirectMethodHandleAccessor.java:104)\n\tat java.base/java.lang.reflect.Method.invoke(Method.java:565)\n\tat org.testng.internal.invokers.MethodInvocationHelper.invokeMethod(MethodInvocationHelper.java:141)\n\tat org.testng.internal.invokers.TestInvoker.invokeMethod(TestInvoker.java:697)\n\tat org.testng.internal.invokers.TestInvoker.invokeTestMethod(TestInvoker.java:230)\n\tat org.testng.internal.invokers.MethodRunner.runInSequence(MethodRunner.java:63)\n\tat org.testng.internal.invokers.TestInvoker$MethodInvocationAgent.invoke(TestInvoker.java:1005)\n\tat org.testng.internal.invokers.TestInvoker.invokeTestMethods(TestInvoker.java:203)\n\tat org.testng.internal.invokers.TestMethodWorker.invokeTestMethods(TestMethodWorker.java:154)\n\tat org.testng.internal.invokers.TestMethodWorker.run(TestMethodWorker.java:134)\n\tat java.base/java.util.concurrent.Executors$RunnableAdapter.call(Executors.java:545)\n\tat java.base/java.util.concurrent.FutureTask.run(FutureTask.java:328)\n\tat org.testng.internal.thread.graph.TestNGFutureTask.run(TestNGFutureTask.java:22)\n\tat java.base/java.util.concurrent.ThreadPoolExecutor.runWorker(ThreadPoolExecutor.java:1090)\n\tat java.base/java.util.concurrent.ThreadPoolExecutor$Worker.run(ThreadPoolExecutor.java:614)\n\tat java.base/java.lang.Thread.run(Thread.java:1474)\n","steps":[{"name":"POST /auth/register — Register user: antoinette.shanahan@gmail.com","time":{"start":1770985124589,"stop":1770985125064,"duration":475},"status":"passed","steps":[],"attachments":[{"uid":"f8852f2d6dc8983d","name":"Request","source":"f8852f2d6dc8983d.html","type":"text/html","size":925},{"uid":"3af8f3ab1c933ce4","name":"HTTP/1.1 201 ","source":"3af8f3ab1c933ce4.html","type":"text/html","size":1193}],"parameters":[{"name":"request","value":"RegisterRequest(email=antoinette.shanahan@gmail.com, password=Test@013957, firstName=Codi, lastName=Wolf)"}],"stepsCount":0,"shouldDisplayMessage":false,"attachmentsCount":2,"hasContent":true,"attachmentStep":false},{"name":"Assert status code is 201","time":{"start":1770985125064,"stop":1770985125065,"duration":1},"status":"passed","steps":[],"attachments":[],"parameters":[{"name":"response","value":"io.restassured.internal.RestAssuredResponseImpl@7c9038b9"},{"name":"expectedStatus","value":"201"}],"stepsCount":0,"shouldDisplayMessage":false,"attachmentsCount":0,"hasContent":true,"attachmentStep":false},{"name":"POST /users/4c331147-cf66-439b-ad67-5c44e3faa28c/partners — Assign partner level","time":{"start":1770985125078,"stop":1770985125164,"duration":86},"status":"passed","steps":[],"attachments":[{"uid":"43d653003cac8e8","name":"Request","source":"43d653003cac8e8.html","type":"text/html","size":827},{"uid":"d639af2ef3ebd38c","name":"HTTP/1.1 401 ","source":"d639af2ef3ebd38c.html","type":"text/html","size":1014}],"parameters":[{"name":"userId","value":"4c331147-cf66-439b-ad67-5c44e3faa28c"},{"name":"request","value":"AssignPartnerLevelRequest(partnerId=acc325f9-a281-4b36-8f7a-e087067690d6, level=basic)"},{"name":"authToken","value":"null"}],"stepsCount":0,"shouldDisplayMessage":false,"attachmentsCount":2,"hasContent":true,"attachmentStep":false},{"name":"DELETE /users/4c331147-cf66-439b-ad67-5c44e3faa28c/partners/acc325f9-a281-4b36-8f7a-e087067690d6 — Remove partner level","time":{"start":1770985125164,"stop":1770985125190,"duration":26},"status":"passed","steps":[],"attachments":[{"uid":"41964e9275fa1b9","name":"Request","source":"41964e9275fa1b9.html","type":"text/html","size":564},{"uid":"443cd9e951d854b1","name":"HTTP/1.1 401 ","source":"443cd9e951d854b1.html","type":"text/html","size":1051}],"parameters":[{"name":"userId","value":"4c331147-cf66-439b-ad67-5c44e3faa28c"},{"name":"partnerId","value":"acc325f9-a281-4b36-8f7a-e087067690d6"},{"name":"authToken","value":"null"}],"stepsCount":0,"shouldDisplayMessage":false,"attachmentsCount":2,"hasContent":true,"attachmentStep":false},{"name":"GET /users/4c331147-cf66-439b-ad67-5c44e3faa28c — Get user by ID: 4c331147-cf66-439b-ad67-5c44e3faa28c","time":{"start":1770985125190,"stop":1770985125298,"duration":108},"status":"passed","steps":[],"attachments":[{"uid":"a24c407c5b37b31a","name":"Request","source":"a24c407c5b37b31a.html","type":"text/html","size":466},{"uid":"653bf5611a237a2f","name":"HTTP/1.1 401 ","source":"653bf5611a237a2f.html","type":"text/html","size":1005}],"parameters":[{"name":"id","value":"4c331147-cf66-439b-ad67-5c44e3faa28c"},{"name":"authToken","value":"null"}],"stepsCount":0,"shouldDisplayMessage":false,"attachmentsCount":2,"hasContent":true,"attachmentStep":false},{"name":"Assert status code is 200","time":{"start":1770985125298,"stop":1770985125305,"duration":7},"status":"failed","statusMessage":"[Expected HTTP status 200 but got 401. Body: {\n    \"detail\": \"Authentication required\",\n    \"instance\": \"/api/v1/users/4c331147-cf66-439b-ad67-5c44e3faa28c\",\n    \"status\": 401,\n    \"title\": \"Unauthorized\",\n    \"type\": \"https://api.sc.kpi.ua/errors/401\"\n}] \nexpected: 200\n but was: 401","statusTrace":"java.lang.AssertionError: [Expected HTTP status 200 but got 401. Body: {\n    \"detail\": \"Authentication required\",\n    \"instance\": \"/api/v1/users/4c331147-cf66-439b-ad67-5c44e3faa28c\",\n    \"status\": 401,\n    \"title\": \"Unauthorized\",\n    \"type\": \"https://api.sc.kpi.ua/errors/401\"\n}] \nexpected: 200\n but was: 401\n\tat ua.kpi.sc.test.api.util.AssertionHelper.assertStatusCode(AssertionHelper.java:18)\n\tat ua.kpi.sc.test.api.base.BaseApiTest.assertOk(BaseApiTest.java:117)\n\tat ua.kpi.sc.test.api.tests.user.UserRemovePartnerTest.removedPartnerGoneFromUser(UserRemovePartnerTest.java:39)\n\tat java.base/jdk.internal.reflect.DirectMethodHandleAccessor.invoke(DirectMethodHandleAccessor.java:104)\n\tat java.base/java.lang.reflect.Method.invoke(Method.java:565)\n\tat org.testng.internal.invokers.MethodInvocationHelper.invokeMethod(MethodInvocationHelper.java:141)\n\tat org.testng.internal.invokers.TestInvoker.invokeMethod(TestInvoker.java:697)\n\tat org.testng.internal.invokers.TestInvoker.invokeTestMethod(TestInvoker.java:230)\n\tat org.testng.internal.invokers.MethodRunner.runInSequence(MethodRunner.java:63)\n\tat org.testng.internal.invokers.TestInvoker$MethodInvocationAgent.invoke(TestInvoker.java:1005)\n\tat org.testng.internal.invokers.TestInvoker.invokeTestMethods(TestInvoker.java:203)\n\tat org.testng.internal.invokers.TestMethodWorker.invokeTestMethods(TestMethodWorker.java:154)\n\tat org.testng.internal.invokers.TestMethodWorker.run(TestMethodWorker.java:134)\n\tat java.base/java.util.concurrent.Executors$RunnableAdapter.call(Executors.java:545)\n\tat java.base/java.util.concurrent.FutureTask.run(FutureTask.java:328)\n\tat org.testng.internal.thread.graph.TestNGFutureTask.run(TestNGFutureTask.java:22)\n\tat java.base/java.util.concurrent.ThreadPoolExecutor.runWorker(ThreadPoolExecutor.java:1090)\n\tat java.base/java.util.concurrent.ThreadPoolExecutor$Worker.run(ThreadPoolExecutor.java:614)\n\tat java.base/java.lang.Thread.run(Thread.java:1474)\n","steps":[],"attachments":[],"parameters":[{"name":"response","value":"io.restassured.internal.RestAssuredResponseImpl@7b9f86d"},{"name":"expectedStatus","value":"200"}],"stepsCount":0,"shouldDisplayMessage":true,"attachmentsCount":0,"hasContent":true,"attachmentStep":false}],"attachments":[{"uid":"6625da8d60cd4f96","name":"Stack Trace","source":"6625da8d60cd4f96.txt","type":"text/plain","size":1939}],"parameters":[],"stepsCount":6,"shouldDisplayMessage":false,"attachmentsCount":9,"hasContent":true,"attachmentStep":false},"afterStages":[{"name":"baseAfterMethod","time":{"start":1770985125311,"stop":1770985125313,"duration":2},"description":"","status":"passed","steps":[],"attachments":[],"parameters":[],"stepsCount":0,"shouldDisplayMessage":false,"attachmentsCount":0,"hasContent":false,"attachmentStep":false}],"labels":[{"name":"package","value":"ua.kpi.sc.test.api.tests.user.UserRemovePartnerTest"},{"name":"testClass","value":"ua.kpi.sc.test.api.tests.user.UserRemovePartnerTest"},{"name":"testMethod","value":"removedPartnerGoneFromUser"},{"name":"parentSuite","value":"All Tests"},{"name":"suite","value":"All"},{"name":"subSuite","value":"ua.kpi.sc.test.api.tests.user.UserRemovePartnerTest"},{"name":"host","value":"runnervmjduv7"},{"name":"thread","value":"4531@runnervmjduv7.TestNG-test-All-3(35)"},{"name":"framework","value":"testng"},{"name":"language","value":"java"},{"name":"feature","value":"Remove Partner Level"},{"name":"epic","value":"User Management"},{"name":"thread","value":"TestNG-test-All-3"},{"name":"resultFormat","value":"allure2"}],"parameters":[],"links":[],"hidden":false,"retry":false,"extra":{"severity":"normal","retries":[],"categories":[{"name":"Product defects","matchedStatuses":[],"flaky":false}],"tags":[]},"source":"6c0652e37d9de8d0.json","parameterValues":[]}