{"uid":"795d511c74331a14","name":"Remove partner level returns 204","fullName":"ua.kpi.sc.test.api.tests.user.UserRemovePartnerTest.removePartnerLevelReturns204","historyId":"bd9be35bfbc3c3e703c1ee9680dd15e5","time":{"start":1770985124011,"stop":1770985124583,"duration":572},"status":"failed","statusMessage":"[Expected HTTP status 204 but got 401. Body: {\n    \"detail\": \"Authentication required\",\n    \"instance\": \"/api/v1/users/865b53ab-2c49-4741-861c-48b0227b4590/partners/27a6bd41-ba3a-4807-a195-de42c39e5bd6\",\n    \"status\": 401,\n    \"title\": \"Unauthorized\",\n    \"type\": \"https://api.sc.kpi.ua/errors/401\"\n}] \nexpected: 204\n but was: 401","statusTrace":"java.lang.AssertionError: [Expected HTTP status 204 but got 401. Body: {\n    \"detail\": \"Authentication required\",\n    \"instance\": \"/api/v1/users/865b53ab-2c49-4741-861c-48b0227b4590/partners/27a6bd41-ba3a-4807-a195-de42c39e5bd6\",\n    \"status\": 401,\n    \"title\": \"Unauthorized\",\n    \"type\": \"https://api.sc.kpi.ua/errors/401\"\n}] \nexpected: 204\n but was: 401\n\tat ua.kpi.sc.test.api.util.AssertionHelper.assertStatusCode(AssertionHelper.java:18)\n\tat ua.kpi.sc.test.api.base.BaseApiTest.assertNoContent(BaseApiTest.java:125)\n\tat ua.kpi.sc.test.api.tests.user.UserRemovePartnerTest.removePartnerLevelReturns204(UserRemovePartnerTest.java:26)\n\tat java.base/jdk.internal.reflect.DirectMethodHandleAccessor.invoke(DirectMethodHandleAccessor.java:104)\n\tat java.base/java.lang.reflect.Method.invoke(Method.java:565)\n\tat org.testng.internal.invokers.MethodInvocationHelper.invokeMethod(MethodInvocationHelper.java:141)\n\tat org.testng.internal.invokers.TestInvoker.invokeMethod(TestInvoker.java:697)\n\tat org.testng.internal.invokers.TestInvoker.invokeTestMethod(TestInvoker.java:230)\n\tat org.testng.internal.invokers.MethodRunner.runInSequence(MethodRunner.java:63)\n\tat org.testng.internal.invokers.TestInvoker$MethodInvocationAgent.invoke(TestInvoker.java:1005)\n\tat org.testng.internal.invokers.TestInvoker.invokeTestMethods(TestInvoker.java:203)\n\tat org.testng.internal.invokers.TestMethodWorker.invokeTestMethods(TestMethodWorker.java:154)\n\tat org.testng.internal.invokers.TestMethodWorker.run(TestMethodWorker.java:134)\n\tat java.base/java.util.concurrent.Executors$RunnableAdapter.call(Executors.java:545)\n\tat java.base/java.util.concurrent.FutureTask.run(FutureTask.java:328)\n\tat org.testng.internal.thread.graph.TestNGFutureTask.run(TestNGFutureTask.java:22)\n\tat java.base/java.util.concurrent.ThreadPoolExecutor.runWorker(ThreadPoolExecutor.java:1090)\n\tat java.base/java.util.concurrent.ThreadPoolExecutor$Worker.run(ThreadPoolExecutor.java:614)\n\tat java.base/java.lang.Thread.run(Thread.java:1474)\n","flaky":false,"newFailed":false,"newBroken":false,"newPassed":false,"retriesCount":0,"retriesStatusChange":false,"beforeStages":[{"name":"baseSetUp","time":{"start":1770985123827,"stop":1770985123828,"duration":1},"description":"","status":"passed","steps":[],"attachments":[],"parameters":[],"stepsCount":0,"shouldDisplayMessage":false,"attachmentsCount":0,"hasContent":false,"attachmentStep":false},{"name":"baseBeforeMethod","time":{"start":1770985124010,"stop":1770985124010,"duration":0},"description":"","status":"passed","steps":[],"attachments":[],"parameters":[],"stepsCount":0,"shouldDisplayMessage":false,"attachmentsCount":0,"hasContent":false,"attachmentStep":false}],"testStage":{"status":"failed","statusMessage":"[Expected HTTP status 204 but got 401. Body: {\n    \"detail\": \"Authentication required\",\n    \"instance\": \"/api/v1/users/865b53ab-2c49-4741-861c-48b0227b4590/partners/27a6bd41-ba3a-4807-a195-de42c39e5bd6\",\n    \"status\": 401,\n    \"title\": \"Unauthorized\",\n    \"type\": \"https://api.sc.kpi.ua/errors/401\"\n}] \nexpected: 204\n but was: 401","statusTrace":"java.lang.AssertionError: [Expected HTTP status 204 but got 401. Body: {\n    \"detail\": \"Authentication required\",\n    \"instance\": \"/api/v1/users/865b53ab-2c49-4741-861c-48b0227b4590/partners/27a6bd41-ba3a-4807-a195-de42c39e5bd6\",\n    \"status\": 401,\n    \"title\": \"Unauthorized\",\n    \"type\": \"https://api.sc.kpi.ua/errors/401\"\n}] \nexpected: 204\n but was: 401\n\tat ua.kpi.sc.test.api.util.AssertionHelper.assertStatusCode(AssertionHelper.java:18)\n\tat ua.kpi.sc.test.api.base.BaseApiTest.assertNoContent(BaseApiTest.java:125)\n\tat ua.kpi.sc.test.api.tests.user.UserRemovePartnerTest.removePartnerLevelReturns204(UserRemovePartnerTest.java:26)\n\tat java.base/jdk.internal.reflect.DirectMethodHandleAccessor.invoke(DirectMethodHandleAccessor.java:104)\n\tat java.base/java.lang.reflect.Method.invoke(Method.java:565)\n\tat org.testng.internal.invokers.MethodInvocationHelper.invokeMethod(MethodInvocationHelper.java:141)\n\tat org.testng.internal.invokers.TestInvoker.invokeMethod(TestInvoker.java:697)\n\tat org.testng.internal.invokers.TestInvoker.invokeTestMethod(TestInvoker.java:230)\n\tat org.testng.internal.invokers.MethodRunner.runInSequence(MethodRunner.java:63)\n\tat org.testng.internal.invokers.TestInvoker$MethodInvocationAgent.invoke(TestInvoker.java:1005)\n\tat org.testng.internal.invokers.TestInvoker.invokeTestMethods(TestInvoker.java:203)\n\tat org.testng.internal.invokers.TestMethodWorker.invokeTestMethods(TestMethodWorker.java:154)\n\tat org.testng.internal.invokers.TestMethodWorker.run(TestMethodWorker.java:134)\n\tat java.base/java.util.concurrent.Executors$RunnableAdapter.call(Executors.java:545)\n\tat java.base/java.util.concurrent.FutureTask.run(FutureTask.java:328)\n\tat org.testng.internal.thread.graph.TestNGFutureTask.run(TestNGFutureTask.java:22)\n\tat java.base/java.util.concurrent.ThreadPoolExecutor.runWorker(ThreadPoolExecutor.java:1090)\n\tat java.base/java.util.concurrent.ThreadPoolExecutor$Worker.run(ThreadPoolExecutor.java:614)\n\tat java.base/java.lang.Thread.run(Thread.java:1474)\n","steps":[{"name":"POST /auth/register — Register user: bryon.yundt@yahoo.com","time":{"start":1770985124011,"stop":1770985124494,"duration":483},"status":"passed","steps":[],"attachments":[{"uid":"535a738b4af85104","name":"Request","source":"535a738b4af85104.html","type":"text/html","size":929},{"uid":"a1bfe99be82d072f","name":"HTTP/1.1 201 ","source":"a1bfe99be82d072f.html","type":"text/html","size":1195}],"parameters":[{"name":"request","value":"RegisterRequest(email=bryon.yundt@yahoo.com, password=Test@196281, firstName=Thomasine, lastName=Hermiston)"}],"stepsCount":0,"shouldDisplayMessage":false,"attachmentsCount":2,"hasContent":true,"attachmentStep":false},{"name":"Assert status code is 201","time":{"start":1770985124494,"stop":1770985124494,"duration":0},"status":"passed","steps":[],"attachments":[],"parameters":[{"name":"response","value":"io.restassured.internal.RestAssuredResponseImpl@495271b0"},{"name":"expectedStatus","value":"201"}],"stepsCount":0,"shouldDisplayMessage":false,"attachmentsCount":0,"hasContent":true,"attachmentStep":false},{"name":"POST /users/865b53ab-2c49-4741-861c-48b0227b4590/partners — Assign partner level","time":{"start":1770985124506,"stop":1770985124544,"duration":38},"status":"passed","steps":[],"attachments":[{"uid":"4ad3b3cc0e01b379","name":"Request","source":"4ad3b3cc0e01b379.html","type":"text/html","size":827},{"uid":"7d3a9203f8d59ca4","name":"HTTP/1.1 401 ","source":"7d3a9203f8d59ca4.html","type":"text/html","size":1014}],"parameters":[{"name":"userId","value":"865b53ab-2c49-4741-861c-48b0227b4590"},{"name":"request","value":"AssignPartnerLevelRequest(partnerId=27a6bd41-ba3a-4807-a195-de42c39e5bd6, level=basic)"},{"name":"authToken","value":"null"}],"stepsCount":0,"shouldDisplayMessage":false,"attachmentsCount":2,"hasContent":true,"attachmentStep":false},{"name":"DELETE /users/865b53ab-2c49-4741-861c-48b0227b4590/partners/27a6bd41-ba3a-4807-a195-de42c39e5bd6 — Remove partner level","time":{"start":1770985124544,"stop":1770985124576,"duration":32},"status":"passed","steps":[],"attachments":[{"uid":"620bf08e69360e91","name":"Request","source":"620bf08e69360e91.html","type":"text/html","size":564},{"uid":"b0bebefedbba279a","name":"HTTP/1.1 401 ","source":"b0bebefedbba279a.html","type":"text/html","size":1051}],"parameters":[{"name":"userId","value":"865b53ab-2c49-4741-861c-48b0227b4590"},{"name":"partnerId","value":"27a6bd41-ba3a-4807-a195-de42c39e5bd6"},{"name":"authToken","value":"null"}],"stepsCount":0,"shouldDisplayMessage":false,"attachmentsCount":2,"hasContent":true,"attachmentStep":false},{"name":"Assert status code is 204","time":{"start":1770985124576,"stop":1770985124576,"duration":0},"status":"failed","statusMessage":"[Expected HTTP status 204 but got 401. Body: {\n    \"detail\": \"Authentication required\",\n    \"instance\": \"/api/v1/users/865b53ab-2c49-4741-861c-48b0227b4590/partners/27a6bd41-ba3a-4807-a195-de42c39e5bd6\",\n    \"status\": 401,\n    \"title\": \"Unauthorized\",\n    \"type\": \"https://api.sc.kpi.ua/errors/401\"\n}] \nexpected: 204\n but was: 401","statusTrace":"java.lang.AssertionError: [Expected HTTP status 204 but got 401. Body: {\n    \"detail\": \"Authentication required\",\n    \"instance\": \"/api/v1/users/865b53ab-2c49-4741-861c-48b0227b4590/partners/27a6bd41-ba3a-4807-a195-de42c39e5bd6\",\n    \"status\": 401,\n    \"title\": \"Unauthorized\",\n    \"type\": \"https://api.sc.kpi.ua/errors/401\"\n}] \nexpected: 204\n but was: 401\n\tat ua.kpi.sc.test.api.util.AssertionHelper.assertStatusCode(AssertionHelper.java:18)\n\tat ua.kpi.sc.test.api.base.BaseApiTest.assertNoContent(BaseApiTest.java:125)\n\tat ua.kpi.sc.test.api.tests.user.UserRemovePartnerTest.removePartnerLevelReturns204(UserRemovePartnerTest.java:26)\n\tat java.base/jdk.internal.reflect.DirectMethodHandleAccessor.invoke(DirectMethodHandleAccessor.java:104)\n\tat java.base/java.lang.reflect.Method.invoke(Method.java:565)\n\tat org.testng.internal.invokers.MethodInvocationHelper.invokeMethod(MethodInvocationHelper.java:141)\n\tat org.testng.internal.invokers.TestInvoker.invokeMethod(TestInvoker.java:697)\n\tat org.testng.internal.invokers.TestInvoker.invokeTestMethod(TestInvoker.java:230)\n\tat org.testng.internal.invokers.MethodRunner.runInSequence(MethodRunner.java:63)\n\tat org.testng.internal.invokers.TestInvoker$MethodInvocationAgent.invoke(TestInvoker.java:1005)\n\tat org.testng.internal.invokers.TestInvoker.invokeTestMethods(TestInvoker.java:203)\n\tat org.testng.internal.invokers.TestMethodWorker.invokeTestMethods(TestMethodWorker.java:154)\n\tat org.testng.internal.invokers.TestMethodWorker.run(TestMethodWorker.java:134)\n\tat java.base/java.util.concurrent.Executors$RunnableAdapter.call(Executors.java:545)\n\tat java.base/java.util.concurrent.FutureTask.run(FutureTask.java:328)\n\tat org.testng.internal.thread.graph.TestNGFutureTask.run(TestNGFutureTask.java:22)\n\tat java.base/java.util.concurrent.ThreadPoolExecutor.runWorker(ThreadPoolExecutor.java:1090)\n\tat java.base/java.util.concurrent.ThreadPoolExecutor$Worker.run(ThreadPoolExecutor.java:614)\n\tat java.base/java.lang.Thread.run(Thread.java:1474)\n","steps":[],"attachments":[],"parameters":[{"name":"response","value":"io.restassured.internal.RestAssuredResponseImpl@17d5b7e9"},{"name":"expectedStatus","value":"204"}],"stepsCount":0,"shouldDisplayMessage":true,"attachmentsCount":0,"hasContent":true,"attachmentStep":false}],"attachments":[{"uid":"3eec2f2cda43cae0","name":"Stack Trace","source":"3eec2f2cda43cae0.txt","type":"text/plain","size":1994}],"parameters":[],"stepsCount":5,"shouldDisplayMessage":false,"attachmentsCount":7,"hasContent":true,"attachmentStep":false},"afterStages":[{"name":"baseAfterMethod","time":{"start":1770985124583,"stop":1770985124584,"duration":1},"description":"","status":"passed","steps":[],"attachments":[],"parameters":[],"stepsCount":0,"shouldDisplayMessage":false,"attachmentsCount":0,"hasContent":false,"attachmentStep":false}],"labels":[{"name":"package","value":"ua.kpi.sc.test.api.tests.user.UserRemovePartnerTest"},{"name":"testClass","value":"ua.kpi.sc.test.api.tests.user.UserRemovePartnerTest"},{"name":"testMethod","value":"removePartnerLevelReturns204"},{"name":"parentSuite","value":"All Tests"},{"name":"suite","value":"All"},{"name":"subSuite","value":"ua.kpi.sc.test.api.tests.user.UserRemovePartnerTest"},{"name":"host","value":"runnervmjduv7"},{"name":"thread","value":"4531@runnervmjduv7.TestNG-test-All-3(35)"},{"name":"framework","value":"testng"},{"name":"language","value":"java"},{"name":"feature","value":"Remove Partner Level"},{"name":"epic","value":"User Management"},{"name":"thread","value":"TestNG-test-All-3"},{"name":"resultFormat","value":"allure2"}],"parameters":[],"links":[],"hidden":false,"retry":false,"extra":{"severity":"normal","retries":[],"categories":[{"name":"Product defects","matchedStatuses":[],"flaky":false}],"history":{"statistic":{"failed":2,"broken":0,"skipped":0,"passed":0,"unknown":0,"total":2},"items":[{"uid":"b92f5ee2d1467332","reportUrl":"https://sc-kpi.github.io/sc-kpi-api-tests/5/#testresult/b92f5ee2d1467332","status":"failed","statusDetails":"[Expected HTTP status 204 but got 401. Body: {\n    \"detail\": \"Authentication required\",\n    \"instance\": \"/api/v1/users/3143117b-ee17-4913-b863-451f34af9e34/partners/5a50f7a5-36b4-4a8d-ae82-28d3cb1a5f5d\",\n    \"status\": 401,\n    \"title\": \"Unauthorized\",\n    \"type\": \"https://api.sc.kpi.ua/errors/401\"\n}] \nexpected: 204\n but was: 401","time":{"start":1770984345547,"stop":1770984346302,"duration":755}}]},"tags":[]},"source":"795d511c74331a14.json","parameterValues":[]}