{"uid":"d73c6f9fd8985753","name":"Delete user returns 204","fullName":"ua.kpi.sc.test.api.tests.user.UserDeleteTest.deleteUserReturns204","historyId":"5a243b204d815cab3f739347bd72097b","time":{"start":1770985124940,"stop":1770985125459,"duration":519},"status":"failed","statusMessage":"[Expected HTTP status 204 but got 401. Body: {\n    \"detail\": \"Authentication required\",\n    \"instance\": \"/api/v1/users/f9387167-a72e-4ec0-b08b-a5125cb2de56\",\n    \"status\": 401,\n    \"title\": \"Unauthorized\",\n    \"type\": \"https://api.sc.kpi.ua/errors/401\"\n}] \nexpected: 204\n but was: 401","statusTrace":"java.lang.AssertionError: [Expected HTTP status 204 but got 401. Body: {\n    \"detail\": \"Authentication required\",\n    \"instance\": \"/api/v1/users/f9387167-a72e-4ec0-b08b-a5125cb2de56\",\n    \"status\": 401,\n    \"title\": \"Unauthorized\",\n    \"type\": \"https://api.sc.kpi.ua/errors/401\"\n}] \nexpected: 204\n but was: 401\n\tat ua.kpi.sc.test.api.util.AssertionHelper.assertStatusCode(AssertionHelper.java:18)\n\tat ua.kpi.sc.test.api.base.BaseApiTest.assertNoContent(BaseApiTest.java:125)\n\tat ua.kpi.sc.test.api.tests.user.UserDeleteTest.deleteUserReturns204(UserDeleteTest.java:23)\n\tat java.base/jdk.internal.reflect.DirectMethodHandleAccessor.invoke(DirectMethodHandleAccessor.java:104)\n\tat java.base/java.lang.reflect.Method.invoke(Method.java:565)\n\tat org.testng.internal.invokers.MethodInvocationHelper.invokeMethod(MethodInvocationHelper.java:141)\n\tat org.testng.internal.invokers.TestInvoker.invokeMethod(TestInvoker.java:697)\n\tat org.testng.internal.invokers.TestInvoker.invokeTestMethod(TestInvoker.java:230)\n\tat org.testng.internal.invokers.MethodRunner.runInSequence(MethodRunner.java:63)\n\tat org.testng.internal.invokers.TestInvoker$MethodInvocationAgent.invoke(TestInvoker.java:1005)\n\tat org.testng.internal.invokers.TestInvoker.invokeTestMethods(TestInvoker.java:203)\n\tat org.testng.internal.invokers.TestMethodWorker.invokeTestMethods(TestMethodWorker.java:154)\n\tat org.testng.internal.invokers.TestMethodWorker.run(TestMethodWorker.java:134)\n\tat java.base/java.util.concurrent.Executors$RunnableAdapter.call(Executors.java:545)\n\tat java.base/java.util.concurrent.FutureTask.run(FutureTask.java:328)\n\tat org.testng.internal.thread.graph.TestNGFutureTask.run(TestNGFutureTask.java:22)\n\tat java.base/java.util.concurrent.ThreadPoolExecutor.runWorker(ThreadPoolExecutor.java:1090)\n\tat java.base/java.util.concurrent.ThreadPoolExecutor$Worker.run(ThreadPoolExecutor.java:614)\n\tat java.base/java.lang.Thread.run(Thread.java:1474)\n","flaky":false,"newFailed":false,"newBroken":false,"newPassed":false,"retriesCount":0,"retriesStatusChange":false,"beforeStages":[{"name":"baseSetUp","time":{"start":1770985124894,"stop":1770985124894,"duration":0},"description":"","status":"passed","steps":[],"attachments":[],"parameters":[],"stepsCount":0,"shouldDisplayMessage":false,"attachmentsCount":0,"hasContent":false,"attachmentStep":false},{"name":"baseBeforeMethod","time":{"start":1770985124936,"stop":1770985124936,"duration":0},"description":"","status":"passed","steps":[],"attachments":[],"parameters":[],"stepsCount":0,"shouldDisplayMessage":false,"attachmentsCount":0,"hasContent":false,"attachmentStep":false}],"testStage":{"status":"failed","statusMessage":"[Expected HTTP status 204 but got 401. Body: {\n    \"detail\": \"Authentication required\",\n    \"instance\": \"/api/v1/users/f9387167-a72e-4ec0-b08b-a5125cb2de56\",\n    \"status\": 401,\n    \"title\": \"Unauthorized\",\n    \"type\": \"https://api.sc.kpi.ua/errors/401\"\n}] \nexpected: 204\n but was: 401","statusTrace":"java.lang.AssertionError: [Expected HTTP status 204 but got 401. Body: {\n    \"detail\": \"Authentication required\",\n    \"instance\": \"/api/v1/users/f9387167-a72e-4ec0-b08b-a5125cb2de56\",\n    \"status\": 401,\n    \"title\": \"Unauthorized\",\n    \"type\": \"https://api.sc.kpi.ua/errors/401\"\n}] \nexpected: 204\n but was: 401\n\tat ua.kpi.sc.test.api.util.AssertionHelper.assertStatusCode(AssertionHelper.java:18)\n\tat ua.kpi.sc.test.api.base.BaseApiTest.assertNoContent(BaseApiTest.java:125)\n\tat ua.kpi.sc.test.api.tests.user.UserDeleteTest.deleteUserReturns204(UserDeleteTest.java:23)\n\tat java.base/jdk.internal.reflect.DirectMethodHandleAccessor.invoke(DirectMethodHandleAccessor.java:104)\n\tat java.base/java.lang.reflect.Method.invoke(Method.java:565)\n\tat org.testng.internal.invokers.MethodInvocationHelper.invokeMethod(MethodInvocationHelper.java:141)\n\tat org.testng.internal.invokers.TestInvoker.invokeMethod(TestInvoker.java:697)\n\tat org.testng.internal.invokers.TestInvoker.invokeTestMethod(TestInvoker.java:230)\n\tat org.testng.internal.invokers.MethodRunner.runInSequence(MethodRunner.java:63)\n\tat org.testng.internal.invokers.TestInvoker$MethodInvocationAgent.invoke(TestInvoker.java:1005)\n\tat org.testng.internal.invokers.TestInvoker.invokeTestMethods(TestInvoker.java:203)\n\tat org.testng.internal.invokers.TestMethodWorker.invokeTestMethods(TestMethodWorker.java:154)\n\tat org.testng.internal.invokers.TestMethodWorker.run(TestMethodWorker.java:134)\n\tat java.base/java.util.concurrent.Executors$RunnableAdapter.call(Executors.java:545)\n\tat java.base/java.util.concurrent.FutureTask.run(FutureTask.java:328)\n\tat org.testng.internal.thread.graph.TestNGFutureTask.run(TestNGFutureTask.java:22)\n\tat java.base/java.util.concurrent.ThreadPoolExecutor.runWorker(ThreadPoolExecutor.java:1090)\n\tat java.base/java.util.concurrent.ThreadPoolExecutor$Worker.run(ThreadPoolExecutor.java:614)\n\tat java.base/java.lang.Thread.run(Thread.java:1474)\n","steps":[{"name":"POST /auth/register — Register user: henry.wilderman@hotmail.com","time":{"start":1770985124940,"stop":1770985125398,"duration":458},"status":"passed","steps":[],"attachments":[{"uid":"843d212592c08ae","name":"Request","source":"843d212592c08ae.html","type":"text/html","size":937},{"uid":"8e5356dcc466ef66","name":"HTTP/1.1 201 ","source":"8e5356dcc466ef66.html","type":"text/html","size":1199}],"parameters":[{"name":"request","value":"RegisterRequest(email=henry.wilderman@hotmail.com, password=Test@007614, firstName=Aldo, lastName=O'Conner)"}],"stepsCount":0,"shouldDisplayMessage":false,"attachmentsCount":2,"hasContent":true,"attachmentStep":false},{"name":"Assert status code is 201","time":{"start":1770985125398,"stop":1770985125405,"duration":7},"status":"passed","steps":[],"attachments":[],"parameters":[{"name":"response","value":"io.restassured.internal.RestAssuredResponseImpl@7f95afc2"},{"name":"expectedStatus","value":"201"}],"stepsCount":0,"shouldDisplayMessage":false,"attachmentsCount":0,"hasContent":true,"attachmentStep":false},{"name":"DELETE /users/f9387167-a72e-4ec0-b08b-a5125cb2de56 — Delete user: f9387167-a72e-4ec0-b08b-a5125cb2de56","time":{"start":1770985125417,"stop":1770985125456,"duration":39},"status":"passed","steps":[],"attachments":[{"uid":"17b545ffceac36a4","name":"Request","source":"17b545ffceac36a4.html","type":"text/html","size":472},{"uid":"365af97bb15eebe7","name":"HTTP/1.1 401 ","source":"365af97bb15eebe7.html","type":"text/html","size":1005}],"parameters":[{"name":"id","value":"f9387167-a72e-4ec0-b08b-a5125cb2de56"},{"name":"authToken","value":"null"}],"stepsCount":0,"shouldDisplayMessage":false,"attachmentsCount":2,"hasContent":true,"attachmentStep":false},{"name":"Assert status code is 204","time":{"start":1770985125456,"stop":1770985125458,"duration":2},"status":"failed","statusMessage":"[Expected HTTP status 204 but got 401. Body: {\n    \"detail\": \"Authentication required\",\n    \"instance\": \"/api/v1/users/f9387167-a72e-4ec0-b08b-a5125cb2de56\",\n    \"status\": 401,\n    \"title\": \"Unauthorized\",\n    \"type\": \"https://api.sc.kpi.ua/errors/401\"\n}] \nexpected: 204\n but was: 401","statusTrace":"java.lang.AssertionError: [Expected HTTP status 204 but got 401. Body: {\n    \"detail\": \"Authentication required\",\n    \"instance\": \"/api/v1/users/f9387167-a72e-4ec0-b08b-a5125cb2de56\",\n    \"status\": 401,\n    \"title\": \"Unauthorized\",\n    \"type\": \"https://api.sc.kpi.ua/errors/401\"\n}] \nexpected: 204\n but was: 401\n\tat ua.kpi.sc.test.api.util.AssertionHelper.assertStatusCode(AssertionHelper.java:18)\n\tat ua.kpi.sc.test.api.base.BaseApiTest.assertNoContent(BaseApiTest.java:125)\n\tat ua.kpi.sc.test.api.tests.user.UserDeleteTest.deleteUserReturns204(UserDeleteTest.java:23)\n\tat java.base/jdk.internal.reflect.DirectMethodHandleAccessor.invoke(DirectMethodHandleAccessor.java:104)\n\tat java.base/java.lang.reflect.Method.invoke(Method.java:565)\n\tat org.testng.internal.invokers.MethodInvocationHelper.invokeMethod(MethodInvocationHelper.java:141)\n\tat org.testng.internal.invokers.TestInvoker.invokeMethod(TestInvoker.java:697)\n\tat org.testng.internal.invokers.TestInvoker.invokeTestMethod(TestInvoker.java:230)\n\tat org.testng.internal.invokers.MethodRunner.runInSequence(MethodRunner.java:63)\n\tat org.testng.internal.invokers.TestInvoker$MethodInvocationAgent.invoke(TestInvoker.java:1005)\n\tat org.testng.internal.invokers.TestInvoker.invokeTestMethods(TestInvoker.java:203)\n\tat org.testng.internal.invokers.TestMethodWorker.invokeTestMethods(TestMethodWorker.java:154)\n\tat org.testng.internal.invokers.TestMethodWorker.run(TestMethodWorker.java:134)\n\tat java.base/java.util.concurrent.Executors$RunnableAdapter.call(Executors.java:545)\n\tat java.base/java.util.concurrent.FutureTask.run(FutureTask.java:328)\n\tat org.testng.internal.thread.graph.TestNGFutureTask.run(TestNGFutureTask.java:22)\n\tat java.base/java.util.concurrent.ThreadPoolExecutor.runWorker(ThreadPoolExecutor.java:1090)\n\tat java.base/java.util.concurrent.ThreadPoolExecutor$Worker.run(ThreadPoolExecutor.java:614)\n\tat java.base/java.lang.Thread.run(Thread.java:1474)\n","steps":[],"attachments":[],"parameters":[{"name":"response","value":"io.restassured.internal.RestAssuredResponseImpl@9ac960b"},{"name":"expectedStatus","value":"204"}],"stepsCount":0,"shouldDisplayMessage":true,"attachmentsCount":0,"hasContent":true,"attachmentStep":false}],"attachments":[{"uid":"f507314960173872","name":"Stack Trace","source":"f507314960173872.txt","type":"text/plain","size":1926}],"parameters":[],"stepsCount":4,"shouldDisplayMessage":false,"attachmentsCount":5,"hasContent":true,"attachmentStep":false},"afterStages":[{"name":"baseAfterMethod","time":{"start":1770985125462,"stop":1770985125462,"duration":0},"description":"","status":"passed","steps":[],"attachments":[],"parameters":[],"stepsCount":0,"shouldDisplayMessage":false,"attachmentsCount":0,"hasContent":false,"attachmentStep":false}],"labels":[{"name":"package","value":"ua.kpi.sc.test.api.tests.user.UserDeleteTest"},{"name":"testClass","value":"ua.kpi.sc.test.api.tests.user.UserDeleteTest"},{"name":"testMethod","value":"deleteUserReturns204"},{"name":"parentSuite","value":"All Tests"},{"name":"suite","value":"All"},{"name":"subSuite","value":"ua.kpi.sc.test.api.tests.user.UserDeleteTest"},{"name":"host","value":"runnervmjduv7"},{"name":"thread","value":"4531@runnervmjduv7.TestNG-test-All-1(33)"},{"name":"framework","value":"testng"},{"name":"language","value":"java"},{"name":"feature","value":"Delete User"},{"name":"epic","value":"User Management"},{"name":"thread","value":"TestNG-test-All-1"},{"name":"resultFormat","value":"allure2"}],"parameters":[],"links":[],"hidden":false,"retry":false,"extra":{"severity":"normal","retries":[],"categories":[{"name":"Product defects","matchedStatuses":[],"flaky":false}],"history":{"statistic":{"failed":2,"broken":0,"skipped":0,"passed":0,"unknown":0,"total":2},"items":[{"uid":"46ed48b2cd03853f","reportUrl":"https://sc-kpi.github.io/sc-kpi-api-tests/5/#testresult/46ed48b2cd03853f","status":"failed","statusDetails":"[Expected HTTP status 204 but got 401. Body: {\n    \"detail\": \"Authentication required\",\n    \"instance\": \"/api/v1/users/122046d9-556d-416c-8211-7686d434cf4f\",\n    \"status\": 401,\n    \"title\": \"Unauthorized\",\n    \"type\": \"https://api.sc.kpi.ua/errors/401\"\n}] \nexpected: 204\n but was: 401","time":{"start":1770984346047,"stop":1770984346499,"duration":452}}]},"tags":[]},"source":"d73c6f9fd8985753.json","parameterValues":[]}