{"uid":"fec2f40ec607efdc","name":"Get user by ID returns partner roles array","fullName":"ua.kpi.sc.test.api.tests.user.UserGetByIdTest.getUserByIdReturnsPartnerRoles","historyId":"13ea344b314f8260f4c2947675095fb7","time":{"start":1770985125444,"stop":1770985125974,"duration":530},"status":"failed","statusMessage":"[Expected HTTP status 200 but got 401. Body: {\n    \"detail\": \"Authentication required\",\n    \"instance\": \"/api/v1/users/1563ffcd-e56e-41f9-a9cc-dd99200787f8\",\n    \"status\": 401,\n    \"title\": \"Unauthorized\",\n    \"type\": \"https://api.sc.kpi.ua/errors/401\"\n}] \nexpected: 200\n but was: 401","statusTrace":"java.lang.AssertionError: [Expected HTTP status 200 but got 401. Body: {\n    \"detail\": \"Authentication required\",\n    \"instance\": \"/api/v1/users/1563ffcd-e56e-41f9-a9cc-dd99200787f8\",\n    \"status\": 401,\n    \"title\": \"Unauthorized\",\n    \"type\": \"https://api.sc.kpi.ua/errors/401\"\n}] \nexpected: 200\n but was: 401\n\tat ua.kpi.sc.test.api.util.AssertionHelper.assertStatusCode(AssertionHelper.java:18)\n\tat ua.kpi.sc.test.api.base.BaseApiTest.assertOk(BaseApiTest.java:117)\n\tat ua.kpi.sc.test.api.tests.user.UserGetByIdTest.getUserByIdReturnsPartnerRoles(UserGetByIdTest.java:45)\n\tat java.base/jdk.internal.reflect.DirectMethodHandleAccessor.invoke(DirectMethodHandleAccessor.java:104)\n\tat java.base/java.lang.reflect.Method.invoke(Method.java:565)\n\tat org.testng.internal.invokers.MethodInvocationHelper.invokeMethod(MethodInvocationHelper.java:141)\n\tat org.testng.internal.invokers.TestInvoker.invokeMethod(TestInvoker.java:697)\n\tat org.testng.internal.invokers.TestInvoker.invokeTestMethod(TestInvoker.java:230)\n\tat org.testng.internal.invokers.MethodRunner.runInSequence(MethodRunner.java:63)\n\tat org.testng.internal.invokers.TestInvoker$MethodInvocationAgent.invoke(TestInvoker.java:1005)\n\tat org.testng.internal.invokers.TestInvoker.invokeTestMethods(TestInvoker.java:203)\n\tat org.testng.internal.invokers.TestMethodWorker.invokeTestMethods(TestMethodWorker.java:154)\n\tat org.testng.internal.invokers.TestMethodWorker.run(TestMethodWorker.java:134)\n\tat java.base/java.util.concurrent.Executors$RunnableAdapter.call(Executors.java:545)\n\tat java.base/java.util.concurrent.FutureTask.run(FutureTask.java:328)\n\tat org.testng.internal.thread.graph.TestNGFutureTask.run(TestNGFutureTask.java:22)\n\tat java.base/java.util.concurrent.ThreadPoolExecutor.runWorker(ThreadPoolExecutor.java:1090)\n\tat java.base/java.util.concurrent.ThreadPoolExecutor$Worker.run(ThreadPoolExecutor.java:614)\n\tat java.base/java.lang.Thread.run(Thread.java:1474)\n","flaky":false,"newFailed":false,"newBroken":false,"newPassed":false,"retriesCount":0,"retriesStatusChange":false,"beforeStages":[{"name":"baseSetUp","time":{"start":1770985124702,"stop":1770985124703,"duration":1},"description":"","status":"passed","steps":[],"attachments":[],"parameters":[],"stepsCount":0,"shouldDisplayMessage":false,"attachmentsCount":0,"hasContent":false,"attachmentStep":false},{"name":"baseBeforeMethod","time":{"start":1770985125442,"stop":1770985125442,"duration":0},"description":"","status":"passed","steps":[],"attachments":[],"parameters":[],"stepsCount":0,"shouldDisplayMessage":false,"attachmentsCount":0,"hasContent":false,"attachmentStep":false}],"testStage":{"status":"failed","statusMessage":"[Expected HTTP status 200 but got 401. Body: {\n    \"detail\": \"Authentication required\",\n    \"instance\": \"/api/v1/users/1563ffcd-e56e-41f9-a9cc-dd99200787f8\",\n    \"status\": 401,\n    \"title\": \"Unauthorized\",\n    \"type\": \"https://api.sc.kpi.ua/errors/401\"\n}] \nexpected: 200\n but was: 401","statusTrace":"java.lang.AssertionError: [Expected HTTP status 200 but got 401. Body: {\n    \"detail\": \"Authentication required\",\n    \"instance\": \"/api/v1/users/1563ffcd-e56e-41f9-a9cc-dd99200787f8\",\n    \"status\": 401,\n    \"title\": \"Unauthorized\",\n    \"type\": \"https://api.sc.kpi.ua/errors/401\"\n}] \nexpected: 200\n but was: 401\n\tat ua.kpi.sc.test.api.util.AssertionHelper.assertStatusCode(AssertionHelper.java:18)\n\tat ua.kpi.sc.test.api.base.BaseApiTest.assertOk(BaseApiTest.java:117)\n\tat ua.kpi.sc.test.api.tests.user.UserGetByIdTest.getUserByIdReturnsPartnerRoles(UserGetByIdTest.java:45)\n\tat java.base/jdk.internal.reflect.DirectMethodHandleAccessor.invoke(DirectMethodHandleAccessor.java:104)\n\tat java.base/java.lang.reflect.Method.invoke(Method.java:565)\n\tat org.testng.internal.invokers.MethodInvocationHelper.invokeMethod(MethodInvocationHelper.java:141)\n\tat org.testng.internal.invokers.TestInvoker.invokeMethod(TestInvoker.java:697)\n\tat org.testng.internal.invokers.TestInvoker.invokeTestMethod(TestInvoker.java:230)\n\tat org.testng.internal.invokers.MethodRunner.runInSequence(MethodRunner.java:63)\n\tat org.testng.internal.invokers.TestInvoker$MethodInvocationAgent.invoke(TestInvoker.java:1005)\n\tat org.testng.internal.invokers.TestInvoker.invokeTestMethods(TestInvoker.java:203)\n\tat org.testng.internal.invokers.TestMethodWorker.invokeTestMethods(TestMethodWorker.java:154)\n\tat org.testng.internal.invokers.TestMethodWorker.run(TestMethodWorker.java:134)\n\tat java.base/java.util.concurrent.Executors$RunnableAdapter.call(Executors.java:545)\n\tat java.base/java.util.concurrent.FutureTask.run(FutureTask.java:328)\n\tat org.testng.internal.thread.graph.TestNGFutureTask.run(TestNGFutureTask.java:22)\n\tat java.base/java.util.concurrent.ThreadPoolExecutor.runWorker(ThreadPoolExecutor.java:1090)\n\tat java.base/java.util.concurrent.ThreadPoolExecutor$Worker.run(ThreadPoolExecutor.java:614)\n\tat java.base/java.lang.Thread.run(Thread.java:1474)\n","steps":[{"name":"POST /auth/register — Register user: jaimee.mckenzie@hotmail.com","time":{"start":1770985125444,"stop":1770985125897,"duration":453},"status":"passed","steps":[],"attachments":[{"uid":"becef45e4b8908cf","name":"Request","source":"becef45e4b8908cf.html","type":"text/html","size":921},{"uid":"6b558edcff17f052","name":"HTTP/1.1 201 ","source":"6b558edcff17f052.html","type":"text/html","size":1191}],"parameters":[{"name":"request","value":"RegisterRequest(email=jaimee.mckenzie@hotmail.com, password=Test@227813, firstName=Dacia, lastName=Orn)"}],"stepsCount":0,"shouldDisplayMessage":false,"attachmentsCount":2,"hasContent":true,"attachmentStep":false},{"name":"Assert status code is 201","time":{"start":1770985125897,"stop":1770985125897,"duration":0},"status":"passed","steps":[],"attachments":[],"parameters":[{"name":"response","value":"io.restassured.internal.RestAssuredResponseImpl@2a9ecd8f"},{"name":"expectedStatus","value":"201"}],"stepsCount":0,"shouldDisplayMessage":false,"attachmentsCount":0,"hasContent":true,"attachmentStep":false},{"name":"POST /users/1563ffcd-e56e-41f9-a9cc-dd99200787f8/partners — Assign partner level","time":{"start":1770985125910,"stop":1770985125954,"duration":44},"status":"passed","steps":[],"attachments":[{"uid":"4cdfd2f2d55e5a77","name":"Request","source":"4cdfd2f2d55e5a77.html","type":"text/html","size":827},{"uid":"442c23d7c2d5f5e5","name":"HTTP/1.1 401 ","source":"442c23d7c2d5f5e5.html","type":"text/html","size":1014}],"parameters":[{"name":"userId","value":"1563ffcd-e56e-41f9-a9cc-dd99200787f8"},{"name":"request","value":"AssignPartnerLevelRequest(partnerId=335a0454-b73c-4841-a710-219bf35383dd, level=basic)"},{"name":"authToken","value":"null"}],"stepsCount":0,"shouldDisplayMessage":false,"attachmentsCount":2,"hasContent":true,"attachmentStep":false},{"name":"GET /users/1563ffcd-e56e-41f9-a9cc-dd99200787f8 — Get user by ID: 1563ffcd-e56e-41f9-a9cc-dd99200787f8","time":{"start":1770985125954,"stop":1770985125973,"duration":19},"status":"passed","steps":[],"attachments":[{"uid":"73eae963d2686066","name":"Request","source":"73eae963d2686066.html","type":"text/html","size":466},{"uid":"bf2d60b5f8dd4073","name":"HTTP/1.1 401 ","source":"bf2d60b5f8dd4073.html","type":"text/html","size":1005}],"parameters":[{"name":"id","value":"1563ffcd-e56e-41f9-a9cc-dd99200787f8"},{"name":"authToken","value":"null"}],"stepsCount":0,"shouldDisplayMessage":false,"attachmentsCount":2,"hasContent":true,"attachmentStep":false},{"name":"Assert status code is 200","time":{"start":1770985125973,"stop":1770985125974,"duration":1},"status":"failed","statusMessage":"[Expected HTTP status 200 but got 401. Body: {\n    \"detail\": \"Authentication required\",\n    \"instance\": \"/api/v1/users/1563ffcd-e56e-41f9-a9cc-dd99200787f8\",\n    \"status\": 401,\n    \"title\": \"Unauthorized\",\n    \"type\": \"https://api.sc.kpi.ua/errors/401\"\n}] \nexpected: 200\n but was: 401","statusTrace":"java.lang.AssertionError: [Expected HTTP status 200 but got 401. Body: {\n    \"detail\": \"Authentication required\",\n    \"instance\": \"/api/v1/users/1563ffcd-e56e-41f9-a9cc-dd99200787f8\",\n    \"status\": 401,\n    \"title\": \"Unauthorized\",\n    \"type\": \"https://api.sc.kpi.ua/errors/401\"\n}] \nexpected: 200\n but was: 401\n\tat ua.kpi.sc.test.api.util.AssertionHelper.assertStatusCode(AssertionHelper.java:18)\n\tat ua.kpi.sc.test.api.base.BaseApiTest.assertOk(BaseApiTest.java:117)\n\tat ua.kpi.sc.test.api.tests.user.UserGetByIdTest.getUserByIdReturnsPartnerRoles(UserGetByIdTest.java:45)\n\tat java.base/jdk.internal.reflect.DirectMethodHandleAccessor.invoke(DirectMethodHandleAccessor.java:104)\n\tat java.base/java.lang.reflect.Method.invoke(Method.java:565)\n\tat org.testng.internal.invokers.MethodInvocationHelper.invokeMethod(MethodInvocationHelper.java:141)\n\tat org.testng.internal.invokers.TestInvoker.invokeMethod(TestInvoker.java:697)\n\tat org.testng.internal.invokers.TestInvoker.invokeTestMethod(TestInvoker.java:230)\n\tat org.testng.internal.invokers.MethodRunner.runInSequence(MethodRunner.java:63)\n\tat org.testng.internal.invokers.TestInvoker$MethodInvocationAgent.invoke(TestInvoker.java:1005)\n\tat org.testng.internal.invokers.TestInvoker.invokeTestMethods(TestInvoker.java:203)\n\tat org.testng.internal.invokers.TestMethodWorker.invokeTestMethods(TestMethodWorker.java:154)\n\tat org.testng.internal.invokers.TestMethodWorker.run(TestMethodWorker.java:134)\n\tat java.base/java.util.concurrent.Executors$RunnableAdapter.call(Executors.java:545)\n\tat java.base/java.util.concurrent.FutureTask.run(FutureTask.java:328)\n\tat org.testng.internal.thread.graph.TestNGFutureTask.run(TestNGFutureTask.java:22)\n\tat java.base/java.util.concurrent.ThreadPoolExecutor.runWorker(ThreadPoolExecutor.java:1090)\n\tat java.base/java.util.concurrent.ThreadPoolExecutor$Worker.run(ThreadPoolExecutor.java:614)\n\tat java.base/java.lang.Thread.run(Thread.java:1474)\n","steps":[],"attachments":[],"parameters":[{"name":"response","value":"io.restassured.internal.RestAssuredResponseImpl@75f6888d"},{"name":"expectedStatus","value":"200"}],"stepsCount":0,"shouldDisplayMessage":true,"attachmentsCount":0,"hasContent":true,"attachmentStep":false}],"attachments":[{"uid":"ebfbbaa5cd0e748b","name":"Stack Trace","source":"ebfbbaa5cd0e748b.txt","type":"text/plain","size":1931}],"parameters":[],"stepsCount":5,"shouldDisplayMessage":false,"attachmentsCount":7,"hasContent":true,"attachmentStep":false},"afterStages":[{"name":"baseAfterMethod","time":{"start":1770985125976,"stop":1770985125976,"duration":0},"description":"","status":"passed","steps":[],"attachments":[],"parameters":[],"stepsCount":0,"shouldDisplayMessage":false,"attachmentsCount":0,"hasContent":false,"attachmentStep":false}],"labels":[{"name":"package","value":"ua.kpi.sc.test.api.tests.user.UserGetByIdTest"},{"name":"testClass","value":"ua.kpi.sc.test.api.tests.user.UserGetByIdTest"},{"name":"testMethod","value":"getUserByIdReturnsPartnerRoles"},{"name":"parentSuite","value":"All Tests"},{"name":"suite","value":"All"},{"name":"subSuite","value":"ua.kpi.sc.test.api.tests.user.UserGetByIdTest"},{"name":"host","value":"runnervmjduv7"},{"name":"thread","value":"4531@runnervmjduv7.TestNG-test-All-2(34)"},{"name":"framework","value":"testng"},{"name":"language","value":"java"},{"name":"feature","value":"Get User By ID"},{"name":"epic","value":"User Management"},{"name":"thread","value":"TestNG-test-All-2"},{"name":"resultFormat","value":"allure2"}],"parameters":[],"links":[],"hidden":false,"retry":false,"extra":{"severity":"normal","retries":[],"categories":[{"name":"Product defects","matchedStatuses":[],"flaky":false}],"tags":[]},"source":"fec2f40ec607efdc.json","parameterValues":[]}