{"uid":"46ed48b2cd03853f","name":"Delete user returns 204","fullName":"ua.kpi.sc.test.api.tests.user.UserDeleteTest.deleteUserReturns204","historyId":"5a243b204d815cab3f739347bd72097b","time":{"start":1770984346047,"stop":1770984346499,"duration":452},"status":"failed","statusMessage":"[Expected HTTP status 204 but got 401. Body: {\n    \"detail\": \"Authentication required\",\n    \"instance\": \"/api/v1/users/122046d9-556d-416c-8211-7686d434cf4f\",\n    \"status\": 401,\n    \"title\": \"Unauthorized\",\n    \"type\": \"https://api.sc.kpi.ua/errors/401\"\n}] \nexpected: 204\n but was: 401","statusTrace":"java.lang.AssertionError: [Expected HTTP status 204 but got 401. Body: {\n    \"detail\": \"Authentication required\",\n    \"instance\": \"/api/v1/users/122046d9-556d-416c-8211-7686d434cf4f\",\n    \"status\": 401,\n    \"title\": \"Unauthorized\",\n    \"type\": \"https://api.sc.kpi.ua/errors/401\"\n}] \nexpected: 204\n but was: 401\n\tat ua.kpi.sc.test.api.util.AssertionHelper.assertStatusCode(AssertionHelper.java:18)\n\tat ua.kpi.sc.test.api.base.BaseApiTest.assertNoContent(BaseApiTest.java:125)\n\tat ua.kpi.sc.test.api.tests.user.UserDeleteTest.deleteUserReturns204(UserDeleteTest.java:23)\n\tat java.base/jdk.internal.reflect.DirectMethodHandleAccessor.invoke(DirectMethodHandleAccessor.java:104)\n\tat java.base/java.lang.reflect.Method.invoke(Method.java:565)\n\tat org.testng.internal.invokers.MethodInvocationHelper.invokeMethod(MethodInvocationHelper.java:141)\n\tat org.testng.internal.invokers.TestInvoker.invokeMethod(TestInvoker.java:697)\n\tat org.testng.internal.invokers.TestInvoker.invokeTestMethod(TestInvoker.java:230)\n\tat org.testng.internal.invokers.MethodRunner.runInSequence(MethodRunner.java:63)\n\tat org.testng.internal.invokers.TestInvoker$MethodInvocationAgent.invoke(TestInvoker.java:1005)\n\tat org.testng.internal.invokers.TestInvoker.invokeTestMethods(TestInvoker.java:203)\n\tat org.testng.internal.invokers.TestMethodWorker.invokeTestMethods(TestMethodWorker.java:154)\n\tat org.testng.internal.invokers.TestMethodWorker.run(TestMethodWorker.java:134)\n\tat java.base/java.util.concurrent.Executors$RunnableAdapter.call(Executors.java:545)\n\tat java.base/java.util.concurrent.FutureTask.run(FutureTask.java:328)\n\tat org.testng.internal.thread.graph.TestNGFutureTask.run(TestNGFutureTask.java:22)\n\tat java.base/java.util.concurrent.ThreadPoolExecutor.runWorker(ThreadPoolExecutor.java:1090)\n\tat java.base/java.util.concurrent.ThreadPoolExecutor$Worker.run(ThreadPoolExecutor.java:614)\n\tat java.base/java.lang.Thread.run(Thread.java:1474)\n","flaky":false,"newFailed":false,"newBroken":false,"newPassed":false,"retriesCount":0,"retriesStatusChange":false,"beforeStages":[{"name":"baseSetUp","time":{"start":1770984346040,"stop":1770984346041,"duration":1},"description":"","status":"passed","steps":[],"attachments":[],"parameters":[],"stepsCount":0,"shouldDisplayMessage":false,"attachmentsCount":0,"hasContent":false,"attachmentStep":false},{"name":"baseBeforeMethod","time":{"start":1770984346044,"stop":1770984346044,"duration":0},"description":"","status":"passed","steps":[],"attachments":[],"parameters":[],"stepsCount":0,"shouldDisplayMessage":false,"attachmentsCount":0,"hasContent":false,"attachmentStep":false}],"testStage":{"status":"failed","statusMessage":"[Expected HTTP status 204 but got 401. Body: {\n    \"detail\": \"Authentication required\",\n    \"instance\": \"/api/v1/users/122046d9-556d-416c-8211-7686d434cf4f\",\n    \"status\": 401,\n    \"title\": \"Unauthorized\",\n    \"type\": \"https://api.sc.kpi.ua/errors/401\"\n}] \nexpected: 204\n but was: 401","statusTrace":"java.lang.AssertionError: [Expected HTTP status 204 but got 401. Body: {\n    \"detail\": \"Authentication required\",\n    \"instance\": \"/api/v1/users/122046d9-556d-416c-8211-7686d434cf4f\",\n    \"status\": 401,\n    \"title\": \"Unauthorized\",\n    \"type\": \"https://api.sc.kpi.ua/errors/401\"\n}] \nexpected: 204\n but was: 401\n\tat ua.kpi.sc.test.api.util.AssertionHelper.assertStatusCode(AssertionHelper.java:18)\n\tat ua.kpi.sc.test.api.base.BaseApiTest.assertNoContent(BaseApiTest.java:125)\n\tat ua.kpi.sc.test.api.tests.user.UserDeleteTest.deleteUserReturns204(UserDeleteTest.java:23)\n\tat java.base/jdk.internal.reflect.DirectMethodHandleAccessor.invoke(DirectMethodHandleAccessor.java:104)\n\tat java.base/java.lang.reflect.Method.invoke(Method.java:565)\n\tat org.testng.internal.invokers.MethodInvocationHelper.invokeMethod(MethodInvocationHelper.java:141)\n\tat org.testng.internal.invokers.TestInvoker.invokeMethod(TestInvoker.java:697)\n\tat org.testng.internal.invokers.TestInvoker.invokeTestMethod(TestInvoker.java:230)\n\tat org.testng.internal.invokers.MethodRunner.runInSequence(MethodRunner.java:63)\n\tat org.testng.internal.invokers.TestInvoker$MethodInvocationAgent.invoke(TestInvoker.java:1005)\n\tat org.testng.internal.invokers.TestInvoker.invokeTestMethods(TestInvoker.java:203)\n\tat org.testng.internal.invokers.TestMethodWorker.invokeTestMethods(TestMethodWorker.java:154)\n\tat org.testng.internal.invokers.TestMethodWorker.run(TestMethodWorker.java:134)\n\tat java.base/java.util.concurrent.Executors$RunnableAdapter.call(Executors.java:545)\n\tat java.base/java.util.concurrent.FutureTask.run(FutureTask.java:328)\n\tat org.testng.internal.thread.graph.TestNGFutureTask.run(TestNGFutureTask.java:22)\n\tat java.base/java.util.concurrent.ThreadPoolExecutor.runWorker(ThreadPoolExecutor.java:1090)\n\tat java.base/java.util.concurrent.ThreadPoolExecutor$Worker.run(ThreadPoolExecutor.java:614)\n\tat java.base/java.lang.Thread.run(Thread.java:1474)\n","steps":[{"name":"POST /auth/register — Register user: nathaniel.beatty@hotmail.com","time":{"start":1770984346047,"stop":1770984346461,"duration":414},"status":"passed","steps":[],"attachments":[{"uid":"64b6fbbe4df9775","name":"Request","source":"64b6fbbe4df9775.html","type":"text/html","size":925},{"uid":"dea1e32c60e9877","name":"HTTP/1.1 201 ","source":"dea1e32c60e9877.html","type":"text/html","size":1145}],"parameters":[{"name":"request","value":"RegisterRequest(email=nathaniel.beatty@hotmail.com, password=Test@031172, firstName=Al, lastName=Ziemann)"}],"stepsCount":0,"shouldDisplayMessage":false,"attachmentsCount":2,"hasContent":true,"attachmentStep":false},{"name":"Assert status code is 201","time":{"start":1770984346461,"stop":1770984346461,"duration":0},"status":"passed","steps":[],"attachments":[],"parameters":[{"name":"response","value":"io.restassured.internal.RestAssuredResponseImpl@7da44e82"},{"name":"expectedStatus","value":"201"}],"stepsCount":0,"shouldDisplayMessage":false,"attachmentsCount":0,"hasContent":true,"attachmentStep":false},{"name":"DELETE /users/122046d9-556d-416c-8211-7686d434cf4f — Delete user: 122046d9-556d-416c-8211-7686d434cf4f","time":{"start":1770984346470,"stop":1770984346497,"duration":27},"status":"passed","steps":[],"attachments":[{"uid":"b8acb26a01cb6250","name":"Request","source":"b8acb26a01cb6250.html","type":"text/html","size":472},{"uid":"e052c30b2ddb9ba9","name":"HTTP/1.1 401 ","source":"e052c30b2ddb9ba9.html","type":"text/html","size":1005}],"parameters":[{"name":"id","value":"122046d9-556d-416c-8211-7686d434cf4f"},{"name":"authToken","value":"null"}],"stepsCount":0,"shouldDisplayMessage":false,"attachmentsCount":2,"hasContent":true,"attachmentStep":false},{"name":"Assert status code is 204","time":{"start":1770984346497,"stop":1770984346498,"duration":1},"status":"failed","statusMessage":"[Expected HTTP status 204 but got 401. Body: {\n    \"detail\": \"Authentication required\",\n    \"instance\": \"/api/v1/users/122046d9-556d-416c-8211-7686d434cf4f\",\n    \"status\": 401,\n    \"title\": \"Unauthorized\",\n    \"type\": \"https://api.sc.kpi.ua/errors/401\"\n}] \nexpected: 204\n but was: 401","statusTrace":"java.lang.AssertionError: [Expected HTTP status 204 but got 401. Body: {\n    \"detail\": \"Authentication required\",\n    \"instance\": \"/api/v1/users/122046d9-556d-416c-8211-7686d434cf4f\",\n    \"status\": 401,\n    \"title\": \"Unauthorized\",\n    \"type\": \"https://api.sc.kpi.ua/errors/401\"\n}] \nexpected: 204\n but was: 401\n\tat ua.kpi.sc.test.api.util.AssertionHelper.assertStatusCode(AssertionHelper.java:18)\n\tat ua.kpi.sc.test.api.base.BaseApiTest.assertNoContent(BaseApiTest.java:125)\n\tat ua.kpi.sc.test.api.tests.user.UserDeleteTest.deleteUserReturns204(UserDeleteTest.java:23)\n\tat java.base/jdk.internal.reflect.DirectMethodHandleAccessor.invoke(DirectMethodHandleAccessor.java:104)\n\tat java.base/java.lang.reflect.Method.invoke(Method.java:565)\n\tat org.testng.internal.invokers.MethodInvocationHelper.invokeMethod(MethodInvocationHelper.java:141)\n\tat org.testng.internal.invokers.TestInvoker.invokeMethod(TestInvoker.java:697)\n\tat org.testng.internal.invokers.TestInvoker.invokeTestMethod(TestInvoker.java:230)\n\tat org.testng.internal.invokers.MethodRunner.runInSequence(MethodRunner.java:63)\n\tat org.testng.internal.invokers.TestInvoker$MethodInvocationAgent.invoke(TestInvoker.java:1005)\n\tat org.testng.internal.invokers.TestInvoker.invokeTestMethods(TestInvoker.java:203)\n\tat org.testng.internal.invokers.TestMethodWorker.invokeTestMethods(TestMethodWorker.java:154)\n\tat org.testng.internal.invokers.TestMethodWorker.run(TestMethodWorker.java:134)\n\tat java.base/java.util.concurrent.Executors$RunnableAdapter.call(Executors.java:545)\n\tat java.base/java.util.concurrent.FutureTask.run(FutureTask.java:328)\n\tat org.testng.internal.thread.graph.TestNGFutureTask.run(TestNGFutureTask.java:22)\n\tat java.base/java.util.concurrent.ThreadPoolExecutor.runWorker(ThreadPoolExecutor.java:1090)\n\tat java.base/java.util.concurrent.ThreadPoolExecutor$Worker.run(ThreadPoolExecutor.java:614)\n\tat java.base/java.lang.Thread.run(Thread.java:1474)\n","steps":[],"attachments":[],"parameters":[{"name":"response","value":"io.restassured.internal.RestAssuredResponseImpl@261bba04"},{"name":"expectedStatus","value":"204"}],"stepsCount":0,"shouldDisplayMessage":true,"attachmentsCount":0,"hasContent":true,"attachmentStep":false}],"attachments":[{"uid":"41f3bec1b2e28635","name":"Stack Trace","source":"41f3bec1b2e28635.txt","type":"text/plain","size":1926}],"parameters":[],"stepsCount":4,"shouldDisplayMessage":false,"attachmentsCount":5,"hasContent":true,"attachmentStep":false},"afterStages":[{"name":"baseAfterMethod","time":{"start":1770984346500,"stop":1770984346500,"duration":0},"description":"","status":"passed","steps":[],"attachments":[],"parameters":[],"stepsCount":0,"shouldDisplayMessage":false,"attachmentsCount":0,"hasContent":false,"attachmentStep":false}],"labels":[{"name":"package","value":"ua.kpi.sc.test.api.tests.user.UserDeleteTest"},{"name":"testClass","value":"ua.kpi.sc.test.api.tests.user.UserDeleteTest"},{"name":"testMethod","value":"deleteUserReturns204"},{"name":"parentSuite","value":"Smoke Tests"},{"name":"suite","value":"Smoke"},{"name":"subSuite","value":"ua.kpi.sc.test.api.tests.user.UserDeleteTest"},{"name":"host","value":"runnervmjduv7"},{"name":"thread","value":"4696@runnervmjduv7.TestNG-test-Smoke-1(33)"},{"name":"framework","value":"testng"},{"name":"language","value":"java"},{"name":"feature","value":"Delete User"},{"name":"epic","value":"User Management"},{"name":"thread","value":"TestNG-test-Smoke-1"},{"name":"resultFormat","value":"allure2"}],"parameters":[],"links":[],"hidden":false,"retry":false,"extra":{"severity":"normal","retries":[],"categories":[{"name":"Product defects","matchedStatuses":[],"flaky":false}],"tags":[]},"source":"46ed48b2cd03853f.json","parameterValues":[]}