{"uid":"6b3a8ac7cb728b99","name":"Change password returns 204","fullName":"ua.kpi.sc.test.api.tests.user.UserChangePasswordTest.changePasswordReturns204","historyId":"5eeb7ef04fb289f7991788448d7090a9","time":{"start":1770984344440,"stop":1770984345432,"duration":992},"status":"failed","statusMessage":"[Expected HTTP status 204 but got 404. Body: {\n    \"detail\": \"No static resource api/v1/users/me/password.\",\n    \"instance\": \"/api/v1/users/me/password\",\n    \"status\": 404,\n    \"title\": \"Not Found\",\n    \"type\": \"https://api.sc.kpi.ua/errors/404\"\n}] \nexpected: 204\n but was: 404","statusTrace":"java.lang.AssertionError: [Expected HTTP status 204 but got 404. Body: {\n    \"detail\": \"No static resource api/v1/users/me/password.\",\n    \"instance\": \"/api/v1/users/me/password\",\n    \"status\": 404,\n    \"title\": \"Not Found\",\n    \"type\": \"https://api.sc.kpi.ua/errors/404\"\n}] \nexpected: 204\n but was: 404\n\tat ua.kpi.sc.test.api.util.AssertionHelper.assertStatusCode(AssertionHelper.java:18)\n\tat ua.kpi.sc.test.api.base.BaseApiTest.assertNoContent(BaseApiTest.java:125)\n\tat ua.kpi.sc.test.api.tests.user.UserChangePasswordTest.changePasswordReturns204(UserChangePasswordTest.java:51)\n\tat java.base/jdk.internal.reflect.DirectMethodHandleAccessor.invoke(DirectMethodHandleAccessor.java:104)\n\tat java.base/java.lang.reflect.Method.invoke(Method.java:565)\n\tat org.testng.internal.invokers.MethodInvocationHelper.invokeMethod(MethodInvocationHelper.java:141)\n\tat org.testng.internal.invokers.TestInvoker.invokeMethod(TestInvoker.java:697)\n\tat org.testng.internal.invokers.TestInvoker.invokeTestMethod(TestInvoker.java:230)\n\tat org.testng.internal.invokers.MethodRunner.runInSequence(MethodRunner.java:63)\n\tat org.testng.internal.invokers.TestInvoker$MethodInvocationAgent.invoke(TestInvoker.java:1005)\n\tat org.testng.internal.invokers.TestInvoker.invokeTestMethods(TestInvoker.java:203)\n\tat org.testng.internal.invokers.TestMethodWorker.invokeTestMethods(TestMethodWorker.java:154)\n\tat org.testng.internal.invokers.TestMethodWorker.run(TestMethodWorker.java:134)\n\tat java.base/java.util.concurrent.Executors$RunnableAdapter.call(Executors.java:545)\n\tat java.base/java.util.concurrent.FutureTask.run(FutureTask.java:328)\n\tat org.testng.internal.thread.graph.TestNGFutureTask.run(TestNGFutureTask.java:22)\n\tat java.base/java.util.concurrent.ThreadPoolExecutor.runWorker(ThreadPoolExecutor.java:1090)\n\tat java.base/java.util.concurrent.ThreadPoolExecutor$Worker.run(ThreadPoolExecutor.java:614)\n\tat java.base/java.lang.Thread.run(Thread.java:1474)\n","flaky":false,"newFailed":false,"newBroken":false,"newPassed":false,"retriesCount":0,"retriesStatusChange":false,"beforeStages":[{"name":"baseSetUp","time":{"start":1770984344433,"stop":1770984344434,"duration":1},"description":"","status":"passed","steps":[],"attachments":[],"parameters":[],"stepsCount":0,"shouldDisplayMessage":false,"attachmentsCount":0,"hasContent":false,"attachmentStep":false},{"name":"baseBeforeMethod","time":{"start":1770984344436,"stop":1770984344437,"duration":1},"description":"","status":"passed","steps":[],"attachments":[],"parameters":[],"stepsCount":0,"shouldDisplayMessage":false,"attachmentsCount":0,"hasContent":false,"attachmentStep":false}],"testStage":{"status":"failed","statusMessage":"[Expected HTTP status 204 but got 404. Body: {\n    \"detail\": \"No static resource api/v1/users/me/password.\",\n    \"instance\": \"/api/v1/users/me/password\",\n    \"status\": 404,\n    \"title\": \"Not Found\",\n    \"type\": \"https://api.sc.kpi.ua/errors/404\"\n}] \nexpected: 204\n but was: 404","statusTrace":"java.lang.AssertionError: [Expected HTTP status 204 but got 404. Body: {\n    \"detail\": \"No static resource api/v1/users/me/password.\",\n    \"instance\": \"/api/v1/users/me/password\",\n    \"status\": 404,\n    \"title\": \"Not Found\",\n    \"type\": \"https://api.sc.kpi.ua/errors/404\"\n}] \nexpected: 204\n but was: 404\n\tat ua.kpi.sc.test.api.util.AssertionHelper.assertStatusCode(AssertionHelper.java:18)\n\tat ua.kpi.sc.test.api.base.BaseApiTest.assertNoContent(BaseApiTest.java:125)\n\tat ua.kpi.sc.test.api.tests.user.UserChangePasswordTest.changePasswordReturns204(UserChangePasswordTest.java:51)\n\tat java.base/jdk.internal.reflect.DirectMethodHandleAccessor.invoke(DirectMethodHandleAccessor.java:104)\n\tat java.base/java.lang.reflect.Method.invoke(Method.java:565)\n\tat org.testng.internal.invokers.MethodInvocationHelper.invokeMethod(MethodInvocationHelper.java:141)\n\tat org.testng.internal.invokers.TestInvoker.invokeMethod(TestInvoker.java:697)\n\tat org.testng.internal.invokers.TestInvoker.invokeTestMethod(TestInvoker.java:230)\n\tat org.testng.internal.invokers.MethodRunner.runInSequence(MethodRunner.java:63)\n\tat org.testng.internal.invokers.TestInvoker$MethodInvocationAgent.invoke(TestInvoker.java:1005)\n\tat org.testng.internal.invokers.TestInvoker.invokeTestMethods(TestInvoker.java:203)\n\tat org.testng.internal.invokers.TestMethodWorker.invokeTestMethods(TestMethodWorker.java:154)\n\tat org.testng.internal.invokers.TestMethodWorker.run(TestMethodWorker.java:134)\n\tat java.base/java.util.concurrent.Executors$RunnableAdapter.call(Executors.java:545)\n\tat java.base/java.util.concurrent.FutureTask.run(FutureTask.java:328)\n\tat org.testng.internal.thread.graph.TestNGFutureTask.run(TestNGFutureTask.java:22)\n\tat java.base/java.util.concurrent.ThreadPoolExecutor.runWorker(ThreadPoolExecutor.java:1090)\n\tat java.base/java.util.concurrent.ThreadPoolExecutor$Worker.run(ThreadPoolExecutor.java:614)\n\tat java.base/java.lang.Thread.run(Thread.java:1474)\n","steps":[{"name":"POST /auth/register — Register user: alicia.dubuque@gmail.com","time":{"start":1770984344444,"stop":1770984344923,"duration":479},"status":"passed","steps":[],"attachments":[{"uid":"53d623d3c33f284a","name":"Request","source":"53d623d3c33f284a.html","type":"text/html","size":919},{"uid":"39b8584358c017a9","name":"HTTP/1.1 201 ","source":"39b8584358c017a9.html","type":"text/html","size":1142}],"parameters":[{"name":"request","value":"RegisterRequest(email=alicia.dubuque@gmail.com, password=Test@356933, firstName=Mauro, lastName=Bosco)"}],"stepsCount":0,"shouldDisplayMessage":false,"attachmentsCount":2,"hasContent":true,"attachmentStep":false},{"name":"POST /auth/login — Login with email: alicia.dubuque@gmail.com","time":{"start":1770984344924,"stop":1770984345340,"duration":416},"status":"passed","steps":[],"attachments":[{"uid":"db2ccbdfd05679a0","name":"Request","source":"db2ccbdfd05679a0.html","type":"text/html","size":731},{"uid":"88e4b46e07b077a8","name":"HTTP/1.1 200 ","source":"88e4b46e07b077a8.html","type":"text/html","size":1142}],"parameters":[{"name":"request","value":"LoginRequest(email=alicia.dubuque@gmail.com, password=Test@356933)"}],"stepsCount":0,"shouldDisplayMessage":false,"attachmentsCount":2,"hasContent":true,"attachmentStep":false},{"name":"Assert status code is 200","time":{"start":1770984345340,"stop":1770984345341,"duration":1},"status":"passed","steps":[],"attachments":[],"parameters":[{"name":"response","value":"io.restassured.internal.RestAssuredResponseImpl@29e5ddb1"},{"name":"expectedStatus","value":"200"}],"stepsCount":0,"shouldDisplayMessage":false,"attachmentsCount":0,"hasContent":true,"attachmentStep":false},{"name":"PATCH /users/me/password — Change password","time":{"start":1770984345359,"stop":1770984345425,"duration":66},"status":"passed","steps":[],"attachments":[{"uid":"bac870fca2a4e435","name":"Request","source":"bac870fca2a4e435.html","type":"text/html","size":1419},{"uid":"f6790ff05576142c","name":"HTTP/1.1 404 ","source":"f6790ff05576142c.html","type":"text/html","size":1005}],"parameters":[{"name":"request","value":"ChangePasswordRequest(currentPassword=Test@356933, newPassword=NewPassword123!)"},{"name":"authToken","value":"eyJhbGciOiJIUzI1NiJ9.eyJqdGkiOiIxOWI5ZDY1YS05M2FiLTRmMDYtYTIwNS1hYTI2MWIwYmM2ZDMiLCJzdWIiOiJiNjc0MWE3Mi0xMjQzLTRmNzYtYmI5ZC1jYjBjYzU4MDc1MzIiLCJlbWFpbCI6ImFsaWNpYS5kdWJ1cXVlQGdtYWlsLmNvbSIsInRpZXIiOjEsImlhdCI6MTc3MDk4NDM0NSwiZXhwIjoxNzcwOTg3OTQ1fQ.a46qpH6deqqt7-kjlX5T-KlyUESp61_4TQoig6T7NtM"}],"stepsCount":0,"shouldDisplayMessage":false,"attachmentsCount":2,"hasContent":true,"attachmentStep":false},{"name":"Assert status code is 204","time":{"start":1770984345428,"stop":1770984345429,"duration":1},"status":"failed","statusMessage":"[Expected HTTP status 204 but got 404. Body: {\n    \"detail\": \"No static resource api/v1/users/me/password.\",\n    \"instance\": \"/api/v1/users/me/password\",\n    \"status\": 404,\n    \"title\": \"Not Found\",\n    \"type\": \"https://api.sc.kpi.ua/errors/404\"\n}] \nexpected: 204\n but was: 404","statusTrace":"java.lang.AssertionError: [Expected HTTP status 204 but got 404. Body: {\n    \"detail\": \"No static resource api/v1/users/me/password.\",\n    \"instance\": \"/api/v1/users/me/password\",\n    \"status\": 404,\n    \"title\": \"Not Found\",\n    \"type\": \"https://api.sc.kpi.ua/errors/404\"\n}] \nexpected: 204\n but was: 404\n\tat ua.kpi.sc.test.api.util.AssertionHelper.assertStatusCode(AssertionHelper.java:18)\n\tat ua.kpi.sc.test.api.base.BaseApiTest.assertNoContent(BaseApiTest.java:125)\n\tat ua.kpi.sc.test.api.tests.user.UserChangePasswordTest.changePasswordReturns204(UserChangePasswordTest.java:51)\n\tat java.base/jdk.internal.reflect.DirectMethodHandleAccessor.invoke(DirectMethodHandleAccessor.java:104)\n\tat java.base/java.lang.reflect.Method.invoke(Method.java:565)\n\tat org.testng.internal.invokers.MethodInvocationHelper.invokeMethod(MethodInvocationHelper.java:141)\n\tat org.testng.internal.invokers.TestInvoker.invokeMethod(TestInvoker.java:697)\n\tat org.testng.internal.invokers.TestInvoker.invokeTestMethod(TestInvoker.java:230)\n\tat org.testng.internal.invokers.MethodRunner.runInSequence(MethodRunner.java:63)\n\tat org.testng.internal.invokers.TestInvoker$MethodInvocationAgent.invoke(TestInvoker.java:1005)\n\tat org.testng.internal.invokers.TestInvoker.invokeTestMethods(TestInvoker.java:203)\n\tat org.testng.internal.invokers.TestMethodWorker.invokeTestMethods(TestMethodWorker.java:154)\n\tat org.testng.internal.invokers.TestMethodWorker.run(TestMethodWorker.java:134)\n\tat java.base/java.util.concurrent.Executors$RunnableAdapter.call(Executors.java:545)\n\tat java.base/java.util.concurrent.FutureTask.run(FutureTask.java:328)\n\tat org.testng.internal.thread.graph.TestNGFutureTask.run(TestNGFutureTask.java:22)\n\tat java.base/java.util.concurrent.ThreadPoolExecutor.runWorker(ThreadPoolExecutor.java:1090)\n\tat java.base/java.util.concurrent.ThreadPoolExecutor$Worker.run(ThreadPoolExecutor.java:614)\n\tat java.base/java.lang.Thread.run(Thread.java:1474)\n","steps":[],"attachments":[],"parameters":[{"name":"response","value":"io.restassured.internal.RestAssuredResponseImpl@2d80e784"},{"name":"expectedStatus","value":"204"}],"stepsCount":0,"shouldDisplayMessage":true,"attachmentsCount":0,"hasContent":true,"attachmentStep":false}],"attachments":[{"uid":"a5d0f8ca3c2eb708","name":"Stack Trace","source":"a5d0f8ca3c2eb708.txt","type":"text/plain","size":1939}],"parameters":[],"stepsCount":5,"shouldDisplayMessage":false,"attachmentsCount":7,"hasContent":true,"attachmentStep":false},"afterStages":[{"name":"baseAfterMethod","time":{"start":1770984345438,"stop":1770984345438,"duration":0},"description":"","status":"passed","steps":[],"attachments":[],"parameters":[],"stepsCount":0,"shouldDisplayMessage":false,"attachmentsCount":0,"hasContent":false,"attachmentStep":false}],"labels":[{"name":"package","value":"ua.kpi.sc.test.api.tests.user.UserChangePasswordTest"},{"name":"testClass","value":"ua.kpi.sc.test.api.tests.user.UserChangePasswordTest"},{"name":"testMethod","value":"changePasswordReturns204"},{"name":"parentSuite","value":"Smoke Tests"},{"name":"suite","value":"Smoke"},{"name":"subSuite","value":"ua.kpi.sc.test.api.tests.user.UserChangePasswordTest"},{"name":"host","value":"runnervmjduv7"},{"name":"thread","value":"4696@runnervmjduv7.TestNG-test-Smoke-3(35)"},{"name":"framework","value":"testng"},{"name":"language","value":"java"},{"name":"feature","value":"Change Password"},{"name":"epic","value":"User Management"},{"name":"thread","value":"TestNG-test-Smoke-3"},{"name":"resultFormat","value":"allure2"}],"parameters":[],"links":[],"hidden":false,"retry":false,"extra":{"severity":"normal","retries":[],"categories":[{"name":"Product defects","matchedStatuses":[],"flaky":false}],"tags":[]},"source":"6b3a8ac7cb728b99.json","parameterValues":[]}