{"uid":"b92f5ee2d1467332","name":"Remove partner level returns 204","fullName":"ua.kpi.sc.test.api.tests.user.UserRemovePartnerTest.removePartnerLevelReturns204","historyId":"bd9be35bfbc3c3e703c1ee9680dd15e5","time":{"start":1770984345547,"stop":1770984346302,"duration":755},"status":"failed","statusMessage":"[Expected HTTP status 204 but got 401. Body: {\n    \"detail\": \"Authentication required\",\n    \"instance\": \"/api/v1/users/3143117b-ee17-4913-b863-451f34af9e34/partners/5a50f7a5-36b4-4a8d-ae82-28d3cb1a5f5d\",\n    \"status\": 401,\n    \"title\": \"Unauthorized\",\n    \"type\": \"https://api.sc.kpi.ua/errors/401\"\n}] \nexpected: 204\n but was: 401","statusTrace":"java.lang.AssertionError: [Expected HTTP status 204 but got 401. Body: {\n    \"detail\": \"Authentication required\",\n    \"instance\": \"/api/v1/users/3143117b-ee17-4913-b863-451f34af9e34/partners/5a50f7a5-36b4-4a8d-ae82-28d3cb1a5f5d\",\n    \"status\": 401,\n    \"title\": \"Unauthorized\",\n    \"type\": \"https://api.sc.kpi.ua/errors/401\"\n}] \nexpected: 204\n but was: 401\n\tat ua.kpi.sc.test.api.util.AssertionHelper.assertStatusCode(AssertionHelper.java:18)\n\tat ua.kpi.sc.test.api.base.BaseApiTest.assertNoContent(BaseApiTest.java:125)\n\tat ua.kpi.sc.test.api.tests.user.UserRemovePartnerTest.removePartnerLevelReturns204(UserRemovePartnerTest.java:26)\n\tat java.base/jdk.internal.reflect.DirectMethodHandleAccessor.invoke(DirectMethodHandleAccessor.java:104)\n\tat java.base/java.lang.reflect.Method.invoke(Method.java:565)\n\tat org.testng.internal.invokers.MethodInvocationHelper.invokeMethod(MethodInvocationHelper.java:141)\n\tat org.testng.internal.invokers.TestInvoker.invokeMethod(TestInvoker.java:697)\n\tat org.testng.internal.invokers.TestInvoker.invokeTestMethod(TestInvoker.java:230)\n\tat org.testng.internal.invokers.MethodRunner.runInSequence(MethodRunner.java:63)\n\tat org.testng.internal.invokers.TestInvoker$MethodInvocationAgent.invoke(TestInvoker.java:1005)\n\tat org.testng.internal.invokers.TestInvoker.invokeTestMethods(TestInvoker.java:203)\n\tat org.testng.internal.invokers.TestMethodWorker.invokeTestMethods(TestMethodWorker.java:154)\n\tat org.testng.internal.invokers.TestMethodWorker.run(TestMethodWorker.java:134)\n\tat java.base/java.util.concurrent.Executors$RunnableAdapter.call(Executors.java:545)\n\tat java.base/java.util.concurrent.FutureTask.run(FutureTask.java:328)\n\tat org.testng.internal.thread.graph.TestNGFutureTask.run(TestNGFutureTask.java:22)\n\tat java.base/java.util.concurrent.ThreadPoolExecutor.runWorker(ThreadPoolExecutor.java:1090)\n\tat java.base/java.util.concurrent.ThreadPoolExecutor$Worker.run(ThreadPoolExecutor.java:614)\n\tat java.base/java.lang.Thread.run(Thread.java:1474)\n","flaky":false,"newFailed":false,"newBroken":false,"newPassed":false,"retriesCount":0,"retriesStatusChange":false,"beforeStages":[{"name":"baseSetUp","time":{"start":1770984345531,"stop":1770984345535,"duration":4},"description":"","status":"passed","steps":[],"attachments":[],"parameters":[],"stepsCount":0,"shouldDisplayMessage":false,"attachmentsCount":0,"hasContent":false,"attachmentStep":false},{"name":"baseBeforeMethod","time":{"start":1770984345537,"stop":1770984345537,"duration":0},"description":"","status":"passed","steps":[],"attachments":[],"parameters":[],"stepsCount":0,"shouldDisplayMessage":false,"attachmentsCount":0,"hasContent":false,"attachmentStep":false}],"testStage":{"status":"failed","statusMessage":"[Expected HTTP status 204 but got 401. Body: {\n    \"detail\": \"Authentication required\",\n    \"instance\": \"/api/v1/users/3143117b-ee17-4913-b863-451f34af9e34/partners/5a50f7a5-36b4-4a8d-ae82-28d3cb1a5f5d\",\n    \"status\": 401,\n    \"title\": \"Unauthorized\",\n    \"type\": \"https://api.sc.kpi.ua/errors/401\"\n}] \nexpected: 204\n but was: 401","statusTrace":"java.lang.AssertionError: [Expected HTTP status 204 but got 401. Body: {\n    \"detail\": \"Authentication required\",\n    \"instance\": \"/api/v1/users/3143117b-ee17-4913-b863-451f34af9e34/partners/5a50f7a5-36b4-4a8d-ae82-28d3cb1a5f5d\",\n    \"status\": 401,\n    \"title\": \"Unauthorized\",\n    \"type\": \"https://api.sc.kpi.ua/errors/401\"\n}] \nexpected: 204\n but was: 401\n\tat ua.kpi.sc.test.api.util.AssertionHelper.assertStatusCode(AssertionHelper.java:18)\n\tat ua.kpi.sc.test.api.base.BaseApiTest.assertNoContent(BaseApiTest.java:125)\n\tat ua.kpi.sc.test.api.tests.user.UserRemovePartnerTest.removePartnerLevelReturns204(UserRemovePartnerTest.java:26)\n\tat java.base/jdk.internal.reflect.DirectMethodHandleAccessor.invoke(DirectMethodHandleAccessor.java:104)\n\tat java.base/java.lang.reflect.Method.invoke(Method.java:565)\n\tat org.testng.internal.invokers.MethodInvocationHelper.invokeMethod(MethodInvocationHelper.java:141)\n\tat org.testng.internal.invokers.TestInvoker.invokeMethod(TestInvoker.java:697)\n\tat org.testng.internal.invokers.TestInvoker.invokeTestMethod(TestInvoker.java:230)\n\tat org.testng.internal.invokers.MethodRunner.runInSequence(MethodRunner.java:63)\n\tat org.testng.internal.invokers.TestInvoker$MethodInvocationAgent.invoke(TestInvoker.java:1005)\n\tat org.testng.internal.invokers.TestInvoker.invokeTestMethods(TestInvoker.java:203)\n\tat org.testng.internal.invokers.TestMethodWorker.invokeTestMethods(TestMethodWorker.java:154)\n\tat org.testng.internal.invokers.TestMethodWorker.run(TestMethodWorker.java:134)\n\tat java.base/java.util.concurrent.Executors$RunnableAdapter.call(Executors.java:545)\n\tat java.base/java.util.concurrent.FutureTask.run(FutureTask.java:328)\n\tat org.testng.internal.thread.graph.TestNGFutureTask.run(TestNGFutureTask.java:22)\n\tat java.base/java.util.concurrent.ThreadPoolExecutor.runWorker(ThreadPoolExecutor.java:1090)\n\tat java.base/java.util.concurrent.ThreadPoolExecutor$Worker.run(ThreadPoolExecutor.java:614)\n\tat java.base/java.lang.Thread.run(Thread.java:1474)\n","steps":[{"name":"POST /auth/register — Register user: collin.oconner@gmail.com","time":{"start":1770984345570,"stop":1770984346111,"duration":541},"status":"passed","steps":[],"attachments":[{"uid":"3e545617fee9c452","name":"Request","source":"3e545617fee9c452.html","type":"text/html","size":929},{"uid":"47ff7100b84d0b8a","name":"HTTP/1.1 201 ","source":"47ff7100b84d0b8a.html","type":"text/html","size":1147}],"parameters":[{"name":"request","value":"RegisterRequest(email=collin.oconner@gmail.com, password=Test@268802, firstName=Hisako, lastName=Gleichner)"}],"stepsCount":0,"shouldDisplayMessage":false,"attachmentsCount":2,"hasContent":true,"attachmentStep":false},{"name":"Assert status code is 201","time":{"start":1770984346114,"stop":1770984346114,"duration":0},"status":"passed","steps":[],"attachments":[],"parameters":[{"name":"response","value":"io.restassured.internal.RestAssuredResponseImpl@6962d7ae"},{"name":"expectedStatus","value":"201"}],"stepsCount":0,"shouldDisplayMessage":false,"attachmentsCount":0,"hasContent":true,"attachmentStep":false},{"name":"POST /users/3143117b-ee17-4913-b863-451f34af9e34/partners — Assign partner level","time":{"start":1770984346133,"stop":1770984346204,"duration":71},"status":"passed","steps":[],"attachments":[{"uid":"79fc023ae48f844f","name":"Request","source":"79fc023ae48f844f.html","type":"text/html","size":827},{"uid":"55633d38acedc4b9","name":"HTTP/1.1 401 ","source":"55633d38acedc4b9.html","type":"text/html","size":1014}],"parameters":[{"name":"userId","value":"3143117b-ee17-4913-b863-451f34af9e34"},{"name":"request","value":"AssignPartnerLevelRequest(partnerId=5a50f7a5-36b4-4a8d-ae82-28d3cb1a5f5d, level=basic)"},{"name":"authToken","value":"null"}],"stepsCount":0,"shouldDisplayMessage":false,"attachmentsCount":2,"hasContent":true,"attachmentStep":false},{"name":"DELETE /users/3143117b-ee17-4913-b863-451f34af9e34/partners/5a50f7a5-36b4-4a8d-ae82-28d3cb1a5f5d — Remove partner level","time":{"start":1770984346204,"stop":1770984346300,"duration":96},"status":"passed","steps":[],"attachments":[{"uid":"dee7ee1eef6396fa","name":"Request","source":"dee7ee1eef6396fa.html","type":"text/html","size":564},{"uid":"a2fb524f9368b915","name":"HTTP/1.1 401 ","source":"a2fb524f9368b915.html","type":"text/html","size":1051}],"parameters":[{"name":"userId","value":"3143117b-ee17-4913-b863-451f34af9e34"},{"name":"partnerId","value":"5a50f7a5-36b4-4a8d-ae82-28d3cb1a5f5d"},{"name":"authToken","value":"null"}],"stepsCount":0,"shouldDisplayMessage":false,"attachmentsCount":2,"hasContent":true,"attachmentStep":false},{"name":"Assert status code is 204","time":{"start":1770984346300,"stop":1770984346301,"duration":1},"status":"failed","statusMessage":"[Expected HTTP status 204 but got 401. Body: {\n    \"detail\": \"Authentication required\",\n    \"instance\": \"/api/v1/users/3143117b-ee17-4913-b863-451f34af9e34/partners/5a50f7a5-36b4-4a8d-ae82-28d3cb1a5f5d\",\n    \"status\": 401,\n    \"title\": \"Unauthorized\",\n    \"type\": \"https://api.sc.kpi.ua/errors/401\"\n}] \nexpected: 204\n but was: 401","statusTrace":"java.lang.AssertionError: [Expected HTTP status 204 but got 401. Body: {\n    \"detail\": \"Authentication required\",\n    \"instance\": \"/api/v1/users/3143117b-ee17-4913-b863-451f34af9e34/partners/5a50f7a5-36b4-4a8d-ae82-28d3cb1a5f5d\",\n    \"status\": 401,\n    \"title\": \"Unauthorized\",\n    \"type\": \"https://api.sc.kpi.ua/errors/401\"\n}] \nexpected: 204\n but was: 401\n\tat ua.kpi.sc.test.api.util.AssertionHelper.assertStatusCode(AssertionHelper.java:18)\n\tat ua.kpi.sc.test.api.base.BaseApiTest.assertNoContent(BaseApiTest.java:125)\n\tat ua.kpi.sc.test.api.tests.user.UserRemovePartnerTest.removePartnerLevelReturns204(UserRemovePartnerTest.java:26)\n\tat java.base/jdk.internal.reflect.DirectMethodHandleAccessor.invoke(DirectMethodHandleAccessor.java:104)\n\tat java.base/java.lang.reflect.Method.invoke(Method.java:565)\n\tat org.testng.internal.invokers.MethodInvocationHelper.invokeMethod(MethodInvocationHelper.java:141)\n\tat org.testng.internal.invokers.TestInvoker.invokeMethod(TestInvoker.java:697)\n\tat org.testng.internal.invokers.TestInvoker.invokeTestMethod(TestInvoker.java:230)\n\tat org.testng.internal.invokers.MethodRunner.runInSequence(MethodRunner.java:63)\n\tat org.testng.internal.invokers.TestInvoker$MethodInvocationAgent.invoke(TestInvoker.java:1005)\n\tat org.testng.internal.invokers.TestInvoker.invokeTestMethods(TestInvoker.java:203)\n\tat org.testng.internal.invokers.TestMethodWorker.invokeTestMethods(TestMethodWorker.java:154)\n\tat org.testng.internal.invokers.TestMethodWorker.run(TestMethodWorker.java:134)\n\tat java.base/java.util.concurrent.Executors$RunnableAdapter.call(Executors.java:545)\n\tat java.base/java.util.concurrent.FutureTask.run(FutureTask.java:328)\n\tat org.testng.internal.thread.graph.TestNGFutureTask.run(TestNGFutureTask.java:22)\n\tat java.base/java.util.concurrent.ThreadPoolExecutor.runWorker(ThreadPoolExecutor.java:1090)\n\tat java.base/java.util.concurrent.ThreadPoolExecutor$Worker.run(ThreadPoolExecutor.java:614)\n\tat java.base/java.lang.Thread.run(Thread.java:1474)\n","steps":[],"attachments":[],"parameters":[{"name":"response","value":"io.restassured.internal.RestAssuredResponseImpl@62bd9a9a"},{"name":"expectedStatus","value":"204"}],"stepsCount":0,"shouldDisplayMessage":true,"attachmentsCount":0,"hasContent":true,"attachmentStep":false}],"attachments":[{"uid":"a196d9b114fb22c5","name":"Stack Trace","source":"a196d9b114fb22c5.txt","type":"text/plain","size":1994}],"parameters":[],"stepsCount":5,"shouldDisplayMessage":false,"attachmentsCount":7,"hasContent":true,"attachmentStep":false},"afterStages":[{"name":"baseAfterMethod","time":{"start":1770984346304,"stop":1770984346304,"duration":0},"description":"","status":"passed","steps":[],"attachments":[],"parameters":[],"stepsCount":0,"shouldDisplayMessage":false,"attachmentsCount":0,"hasContent":false,"attachmentStep":false}],"labels":[{"name":"package","value":"ua.kpi.sc.test.api.tests.user.UserRemovePartnerTest"},{"name":"testClass","value":"ua.kpi.sc.test.api.tests.user.UserRemovePartnerTest"},{"name":"testMethod","value":"removePartnerLevelReturns204"},{"name":"parentSuite","value":"Smoke Tests"},{"name":"suite","value":"Smoke"},{"name":"subSuite","value":"ua.kpi.sc.test.api.tests.user.UserRemovePartnerTest"},{"name":"host","value":"runnervmjduv7"},{"name":"thread","value":"4696@runnervmjduv7.TestNG-test-Smoke-3(35)"},{"name":"framework","value":"testng"},{"name":"language","value":"java"},{"name":"feature","value":"Remove Partner Level"},{"name":"epic","value":"User Management"},{"name":"thread","value":"TestNG-test-Smoke-3"},{"name":"resultFormat","value":"allure2"}],"parameters":[],"links":[],"hidden":false,"retry":false,"extra":{"severity":"normal","retries":[],"categories":[{"name":"Product defects","matchedStatuses":[],"flaky":false}],"tags":[]},"source":"b92f5ee2d1467332.json","parameterValues":[]}