{"uid":"105acdb6a7f4b15c","name":"Concurrent forgot-password requests all return 200","fullName":"ua.kpi.sc.test.api.tests.auth.AuthPasswordResetFlowTest.concurrentForgotPasswordRequestsAllReturn200","historyId":"9c8e808ae39698783cc2c60e54c4bfd","time":{"start":1771100677593,"stop":1771100680548,"duration":2955},"status":"failed","statusMessage":"[Expected HTTP status 200 but got 204. Body: ] \nexpected: 200\n but was: 204","statusTrace":"java.lang.AssertionError: [Expected HTTP status 200 but got 204. Body: ] \nexpected: 200\n but was: 204\n\tat ua.kpi.sc.test.api.util.AssertionHelper.assertStatusCode(AssertionHelper.java:18)\n\tat ua.kpi.sc.test.api.base.BaseApiTest.assertOk(BaseApiTest.java:117)\n\tat ua.kpi.sc.test.api.tests.auth.AuthPasswordResetFlowTest.concurrentForgotPasswordRequestsAllReturn200(AuthPasswordResetFlowTest.java:185)\n\tat java.base/jdk.internal.reflect.DirectMethodHandleAccessor.invoke(DirectMethodHandleAccessor.java:104)\n\tat java.base/java.lang.reflect.Method.invoke(Method.java:565)\n\tat org.testng.internal.invokers.MethodInvocationHelper.invokeMethod(MethodInvocationHelper.java:141)\n\tat org.testng.internal.invokers.TestInvoker.invokeMethod(TestInvoker.java:697)\n\tat org.testng.internal.invokers.TestInvoker.invokeTestMethod(TestInvoker.java:230)\n\tat org.testng.internal.invokers.MethodRunner.runInSequence(MethodRunner.java:63)\n\tat org.testng.internal.invokers.TestInvoker$MethodInvocationAgent.invoke(TestInvoker.java:1005)\n\tat org.testng.internal.invokers.TestInvoker.invokeTestMethods(TestInvoker.java:203)\n\tat org.testng.internal.invokers.TestMethodWorker.invokeTestMethods(TestMethodWorker.java:154)\n\tat org.testng.internal.invokers.TestMethodWorker.run(TestMethodWorker.java:134)\n\tat java.base/java.util.concurrent.Executors$RunnableAdapter.call(Executors.java:545)\n\tat java.base/java.util.concurrent.FutureTask.run(FutureTask.java:328)\n\tat org.testng.internal.thread.graph.TestNGFutureTask.run(TestNGFutureTask.java:22)\n\tat java.base/java.util.concurrent.ThreadPoolExecutor.runWorker(ThreadPoolExecutor.java:1090)\n\tat java.base/java.util.concurrent.ThreadPoolExecutor$Worker.run(ThreadPoolExecutor.java:614)\n\tat java.base/java.lang.Thread.run(Thread.java:1474)\n","flaky":false,"newFailed":true,"newBroken":false,"newPassed":false,"retriesCount":0,"retriesStatusChange":false,"beforeStages":[{"name":"baseSetUp","time":{"start":1771100676941,"stop":1771100677451,"duration":510},"description":"","status":"passed","steps":[],"attachments":[],"parameters":[],"stepsCount":0,"shouldDisplayMessage":false,"attachmentsCount":0,"hasContent":false,"attachmentStep":false},{"name":"baseBeforeMethod","time":{"start":1771100677470,"stop":1771100677478,"duration":8},"description":"","status":"passed","steps":[],"attachments":[],"parameters":[],"stepsCount":0,"shouldDisplayMessage":false,"attachmentsCount":0,"hasContent":false,"attachmentStep":false}],"testStage":{"status":"failed","statusMessage":"[Expected HTTP status 200 but got 204. Body: ] \nexpected: 200\n but was: 204","statusTrace":"java.lang.AssertionError: [Expected HTTP status 200 but got 204. Body: ] \nexpected: 200\n but was: 204\n\tat ua.kpi.sc.test.api.util.AssertionHelper.assertStatusCode(AssertionHelper.java:18)\n\tat ua.kpi.sc.test.api.base.BaseApiTest.assertOk(BaseApiTest.java:117)\n\tat ua.kpi.sc.test.api.tests.auth.AuthPasswordResetFlowTest.concurrentForgotPasswordRequestsAllReturn200(AuthPasswordResetFlowTest.java:185)\n\tat java.base/jdk.internal.reflect.DirectMethodHandleAccessor.invoke(DirectMethodHandleAccessor.java:104)\n\tat java.base/java.lang.reflect.Method.invoke(Method.java:565)\n\tat org.testng.internal.invokers.MethodInvocationHelper.invokeMethod(MethodInvocationHelper.java:141)\n\tat org.testng.internal.invokers.TestInvoker.invokeMethod(TestInvoker.java:697)\n\tat org.testng.internal.invokers.TestInvoker.invokeTestMethod(TestInvoker.java:230)\n\tat org.testng.internal.invokers.MethodRunner.runInSequence(MethodRunner.java:63)\n\tat org.testng.internal.invokers.TestInvoker$MethodInvocationAgent.invoke(TestInvoker.java:1005)\n\tat org.testng.internal.invokers.TestInvoker.invokeTestMethods(TestInvoker.java:203)\n\tat org.testng.internal.invokers.TestMethodWorker.invokeTestMethods(TestMethodWorker.java:154)\n\tat org.testng.internal.invokers.TestMethodWorker.run(TestMethodWorker.java:134)\n\tat java.base/java.util.concurrent.Executors$RunnableAdapter.call(Executors.java:545)\n\tat java.base/java.util.concurrent.FutureTask.run(FutureTask.java:328)\n\tat org.testng.internal.thread.graph.TestNGFutureTask.run(TestNGFutureTask.java:22)\n\tat java.base/java.util.concurrent.ThreadPoolExecutor.runWorker(ThreadPoolExecutor.java:1090)\n\tat java.base/java.util.concurrent.ThreadPoolExecutor$Worker.run(ThreadPoolExecutor.java:614)\n\tat java.base/java.lang.Thread.run(Thread.java:1474)\n","steps":[{"name":"POST /auth/register — Register user: jenae.deckow@yahoo.com","time":{"start":1771100677924,"stop":1771100680242,"duration":2318},"status":"passed","steps":[],"attachments":[{"uid":"6fb1f32c4aa7a5dc","name":"Request","source":"6fb1f32c4aa7a5dc.html","type":"text/html","size":917},{"uid":"3c83740d5a5cb391","name":"HTTP/1.1 201 ","source":"3c83740d5a5cb391.html","type":"text/html","size":1189}],"parameters":[{"name":"request","value":"RegisterRequest(email=jenae.deckow@yahoo.com, password=Test@278210, firstName=Bobby, lastName=Deckow)"}],"stepsCount":0,"shouldDisplayMessage":false,"attachmentsCount":2,"hasContent":true,"attachmentStep":false},{"name":"POST /auth/forgot-password — Request password reset for: jenae.deckow@yahoo.com","time":{"start":1771100680247,"stop":1771100680397,"duration":150},"status":"passed","steps":[],"attachments":[{"uid":"c3633ef6fe1e9d79","name":"Request","source":"c3633ef6fe1e9d79.html","type":"text/html","size":645},{"uid":"513a26539fb64ef1","name":"HTTP/1.1 204 ","source":"513a26539fb64ef1.html","type":"text/html","size":609}],"parameters":[{"name":"request","value":"ForgotPasswordRequest(email=jenae.deckow@yahoo.com)"}],"stepsCount":0,"shouldDisplayMessage":false,"attachmentsCount":2,"hasContent":true,"attachmentStep":false},{"name":"POST /auth/forgot-password — Request password reset for: jenae.deckow@yahoo.com","time":{"start":1771100680397,"stop":1771100680547,"duration":150},"status":"passed","steps":[],"attachments":[{"uid":"f878cffa9ffad49","name":"Request","source":"f878cffa9ffad49.html","type":"text/html","size":645},{"uid":"6578644bf7d76950","name":"HTTP/1.1 204 ","source":"6578644bf7d76950.html","type":"text/html","size":609}],"parameters":[{"name":"request","value":"ForgotPasswordRequest(email=jenae.deckow@yahoo.com)"}],"stepsCount":0,"shouldDisplayMessage":false,"attachmentsCount":2,"hasContent":true,"attachmentStep":false},{"name":"Assert status code is 200","time":{"start":1771100680547,"stop":1771100680548,"duration":1},"status":"failed","statusMessage":"[Expected HTTP status 200 but got 204. Body: ] \nexpected: 200\n but was: 204","statusTrace":"java.lang.AssertionError: [Expected HTTP status 200 but got 204. Body: ] \nexpected: 200\n but was: 204\n\tat ua.kpi.sc.test.api.util.AssertionHelper.assertStatusCode(AssertionHelper.java:18)\n\tat ua.kpi.sc.test.api.base.BaseApiTest.assertOk(BaseApiTest.java:117)\n\tat ua.kpi.sc.test.api.tests.auth.AuthPasswordResetFlowTest.concurrentForgotPasswordRequestsAllReturn200(AuthPasswordResetFlowTest.java:185)\n\tat java.base/jdk.internal.reflect.DirectMethodHandleAccessor.invoke(DirectMethodHandleAccessor.java:104)\n\tat java.base/java.lang.reflect.Method.invoke(Method.java:565)\n\tat org.testng.internal.invokers.MethodInvocationHelper.invokeMethod(MethodInvocationHelper.java:141)\n\tat org.testng.internal.invokers.TestInvoker.invokeMethod(TestInvoker.java:697)\n\tat org.testng.internal.invokers.TestInvoker.invokeTestMethod(TestInvoker.java:230)\n\tat org.testng.internal.invokers.MethodRunner.runInSequence(MethodRunner.java:63)\n\tat org.testng.internal.invokers.TestInvoker$MethodInvocationAgent.invoke(TestInvoker.java:1005)\n\tat org.testng.internal.invokers.TestInvoker.invokeTestMethods(TestInvoker.java:203)\n\tat org.testng.internal.invokers.TestMethodWorker.invokeTestMethods(TestMethodWorker.java:154)\n\tat org.testng.internal.invokers.TestMethodWorker.run(TestMethodWorker.java:134)\n\tat java.base/java.util.concurrent.Executors$RunnableAdapter.call(Executors.java:545)\n\tat java.base/java.util.concurrent.FutureTask.run(FutureTask.java:328)\n\tat org.testng.internal.thread.graph.TestNGFutureTask.run(TestNGFutureTask.java:22)\n\tat java.base/java.util.concurrent.ThreadPoolExecutor.runWorker(ThreadPoolExecutor.java:1090)\n\tat java.base/java.util.concurrent.ThreadPoolExecutor$Worker.run(ThreadPoolExecutor.java:614)\n\tat java.base/java.lang.Thread.run(Thread.java:1474)\n","steps":[],"attachments":[],"parameters":[{"name":"response","value":"io.restassured.internal.RestAssuredResponseImpl@220263b2"},{"name":"expectedStatus","value":"200"}],"stepsCount":0,"shouldDisplayMessage":true,"attachmentsCount":0,"hasContent":true,"attachmentStep":false}],"attachments":[{"uid":"47c76ab7cf899253","name":"Stack Trace","source":"47c76ab7cf899253.txt","type":"text/plain","size":1757}],"parameters":[],"stepsCount":4,"shouldDisplayMessage":false,"attachmentsCount":7,"hasContent":true,"attachmentStep":false},"afterStages":[{"name":"baseAfterMethod","time":{"start":1771100680553,"stop":1771100680554,"duration":1},"description":"","status":"passed","steps":[],"attachments":[],"parameters":[],"stepsCount":0,"shouldDisplayMessage":false,"attachmentsCount":0,"hasContent":false,"attachmentStep":false}],"labels":[{"name":"package","value":"ua.kpi.sc.test.api.tests.auth.AuthPasswordResetFlowTest"},{"name":"testClass","value":"ua.kpi.sc.test.api.tests.auth.AuthPasswordResetFlowTest"},{"name":"testMethod","value":"concurrentForgotPasswordRequestsAllReturn200"},{"name":"parentSuite","value":"Regression Tests"},{"name":"suite","value":"Regression"},{"name":"subSuite","value":"ua.kpi.sc.test.api.tests.auth.AuthPasswordResetFlowTest"},{"name":"host","value":"runnervmjduv7"},{"name":"thread","value":"4768@runnervmjduv7.TestNG-test-Regression-3(39)"},{"name":"framework","value":"testng"},{"name":"language","value":"java"},{"name":"feature","value":"Password Reset Flow"},{"name":"epic","value":"Authentication"},{"name":"thread","value":"TestNG-test-Regression-3"},{"name":"resultFormat","value":"allure2"}],"parameters":[],"links":[],"hidden":false,"retry":false,"extra":{"severity":"normal","retries":[],"categories":[{"name":"Product defects","matchedStatuses":[],"flaky":false}],"history":{"statistic":{"failed":1,"broken":0,"skipped":0,"passed":3,"unknown":0,"total":4},"items":[{"uid":"9660ca1b866a6285","reportUrl":"https://sc-kpi.github.io/sc-kpi-api-tests/13/#testresult/9660ca1b866a6285","status":"passed","time":{"start":1771053709061,"stop":1771053712240,"duration":3179}},{"uid":"6f66e47a28b4b1cf","reportUrl":"https://sc-kpi.github.io/sc-kpi-api-tests/12/#testresult/6f66e47a28b4b1cf","status":"passed","time":{"start":1771053230083,"stop":1771053231194,"duration":1111}},{"uid":"49c35284ca69cf2a","reportUrl":"https://sc-kpi.github.io/sc-kpi-api-tests/1/#testresult/49c35284ca69cf2a","status":"passed","time":{"start":1771041942193,"stop":1771041943392,"duration":1199}}]},"tags":[]},"source":"105acdb6a7f4b15c.json","parameterValues":[]}