{"uid":"697c908883390d3","name":"No email sent for OAuth-only account","fullName":"ua.kpi.sc.test.api.tests.auth.AuthForgotPasswordTest.noEmailSentForOAuthOnlyAccount","historyId":"cd4e88bc64c3a5c6c47a7544a4e21068","time":{"start":1771100687658,"stop":1771100687733,"duration":75},"status":"failed","statusMessage":"[Expected HTTP status 200 but got 204. Body: ] \nexpected: 200\n but was: 204","statusTrace":"java.lang.AssertionError: [Expected HTTP status 200 but got 204. Body: ] \nexpected: 200\n but was: 204\n\tat ua.kpi.sc.test.api.util.AssertionHelper.assertStatusCode(AssertionHelper.java:18)\n\tat ua.kpi.sc.test.api.base.BaseApiTest.assertOk(BaseApiTest.java:117)\n\tat ua.kpi.sc.test.api.tests.auth.AuthForgotPasswordTest.noEmailSentForOAuthOnlyAccount(AuthForgotPasswordTest.java:327)\n\tat java.base/jdk.internal.reflect.DirectMethodHandleAccessor.invoke(DirectMethodHandleAccessor.java:104)\n\tat java.base/java.lang.reflect.Method.invoke(Method.java:565)\n\tat org.testng.internal.invokers.MethodInvocationHelper.invokeMethod(MethodInvocationHelper.java:141)\n\tat org.testng.internal.invokers.TestInvoker.invokeMethod(TestInvoker.java:697)\n\tat org.testng.internal.invokers.TestInvoker.invokeTestMethod(TestInvoker.java:230)\n\tat org.testng.internal.invokers.MethodRunner.runInSequence(MethodRunner.java:63)\n\tat org.testng.internal.invokers.TestInvoker$MethodInvocationAgent.invoke(TestInvoker.java:1005)\n\tat org.testng.internal.invokers.TestInvoker.invokeTestMethods(TestInvoker.java:203)\n\tat org.testng.internal.invokers.TestMethodWorker.invokeTestMethods(TestMethodWorker.java:154)\n\tat org.testng.internal.invokers.TestMethodWorker.run(TestMethodWorker.java:134)\n\tat java.base/java.util.concurrent.Executors$RunnableAdapter.call(Executors.java:545)\n\tat java.base/java.util.concurrent.FutureTask.run(FutureTask.java:328)\n\tat org.testng.internal.thread.graph.TestNGFutureTask.run(TestNGFutureTask.java:22)\n\tat java.base/java.util.concurrent.ThreadPoolExecutor.runWorker(ThreadPoolExecutor.java:1090)\n\tat java.base/java.util.concurrent.ThreadPoolExecutor$Worker.run(ThreadPoolExecutor.java:614)\n\tat java.base/java.lang.Thread.run(Thread.java:1474)\n","flaky":false,"newFailed":true,"newBroken":false,"newPassed":false,"retriesCount":0,"retriesStatusChange":false,"beforeStages":[{"name":"baseSetUp","time":{"start":1771100676941,"stop":1771100677451,"duration":510},"description":"","status":"passed","steps":[],"attachments":[],"parameters":[],"stepsCount":0,"shouldDisplayMessage":false,"attachmentsCount":0,"hasContent":false,"attachmentStep":false},{"name":"baseBeforeMethod","time":{"start":1771100687657,"stop":1771100687657,"duration":0},"description":"","status":"passed","steps":[],"attachments":[],"parameters":[],"stepsCount":0,"shouldDisplayMessage":false,"attachmentsCount":0,"hasContent":false,"attachmentStep":false}],"testStage":{"status":"failed","statusMessage":"[Expected HTTP status 200 but got 204. Body: ] \nexpected: 200\n but was: 204","statusTrace":"java.lang.AssertionError: [Expected HTTP status 200 but got 204. Body: ] \nexpected: 200\n but was: 204\n\tat ua.kpi.sc.test.api.util.AssertionHelper.assertStatusCode(AssertionHelper.java:18)\n\tat ua.kpi.sc.test.api.base.BaseApiTest.assertOk(BaseApiTest.java:117)\n\tat ua.kpi.sc.test.api.tests.auth.AuthForgotPasswordTest.noEmailSentForOAuthOnlyAccount(AuthForgotPasswordTest.java:327)\n\tat java.base/jdk.internal.reflect.DirectMethodHandleAccessor.invoke(DirectMethodHandleAccessor.java:104)\n\tat java.base/java.lang.reflect.Method.invoke(Method.java:565)\n\tat org.testng.internal.invokers.MethodInvocationHelper.invokeMethod(MethodInvocationHelper.java:141)\n\tat org.testng.internal.invokers.TestInvoker.invokeMethod(TestInvoker.java:697)\n\tat org.testng.internal.invokers.TestInvoker.invokeTestMethod(TestInvoker.java:230)\n\tat org.testng.internal.invokers.MethodRunner.runInSequence(MethodRunner.java:63)\n\tat org.testng.internal.invokers.TestInvoker$MethodInvocationAgent.invoke(TestInvoker.java:1005)\n\tat org.testng.internal.invokers.TestInvoker.invokeTestMethods(TestInvoker.java:203)\n\tat org.testng.internal.invokers.TestMethodWorker.invokeTestMethods(TestMethodWorker.java:154)\n\tat org.testng.internal.invokers.TestMethodWorker.run(TestMethodWorker.java:134)\n\tat java.base/java.util.concurrent.Executors$RunnableAdapter.call(Executors.java:545)\n\tat java.base/java.util.concurrent.FutureTask.run(FutureTask.java:328)\n\tat org.testng.internal.thread.graph.TestNGFutureTask.run(TestNGFutureTask.java:22)\n\tat java.base/java.util.concurrent.ThreadPoolExecutor.runWorker(ThreadPoolExecutor.java:1090)\n\tat java.base/java.util.concurrent.ThreadPoolExecutor$Worker.run(ThreadPoolExecutor.java:614)\n\tat java.base/java.lang.Thread.run(Thread.java:1474)\n","steps":[{"name":"POST /auth/forgot-password â€” Request password reset for: oauth-only-253586720580@gmail.com","time":{"start":1771100687658,"stop":1771100687731,"duration":73},"status":"passed","steps":[],"attachments":[{"uid":"b9fa32f09218324f","name":"Request","source":"b9fa32f09218324f.html","type":"text/html","size":667},{"uid":"9bf9611aecab4a8e","name":"HTTP/1.1 204 ","source":"9bf9611aecab4a8e.html","type":"text/html","size":609}],"parameters":[{"name":"request","value":"ForgotPasswordRequest(email=oauth-only-253586720580@gmail.com)"}],"stepsCount":0,"shouldDisplayMessage":false,"attachmentsCount":2,"hasContent":true,"attachmentStep":false},{"name":"Assert status code is 200","time":{"start":1771100687732,"stop":1771100687732,"duration":0},"status":"failed","statusMessage":"[Expected HTTP status 200 but got 204. Body: ] \nexpected: 200\n but was: 204","statusTrace":"java.lang.AssertionError: [Expected HTTP status 200 but got 204. Body: ] \nexpected: 200\n but was: 204\n\tat ua.kpi.sc.test.api.util.AssertionHelper.assertStatusCode(AssertionHelper.java:18)\n\tat ua.kpi.sc.test.api.base.BaseApiTest.assertOk(BaseApiTest.java:117)\n\tat ua.kpi.sc.test.api.tests.auth.AuthForgotPasswordTest.noEmailSentForOAuthOnlyAccount(AuthForgotPasswordTest.java:327)\n\tat java.base/jdk.internal.reflect.DirectMethodHandleAccessor.invoke(DirectMethodHandleAccessor.java:104)\n\tat java.base/java.lang.reflect.Method.invoke(Method.java:565)\n\tat org.testng.internal.invokers.MethodInvocationHelper.invokeMethod(MethodInvocationHelper.java:141)\n\tat org.testng.internal.invokers.TestInvoker.invokeMethod(TestInvoker.java:697)\n\tat org.testng.internal.invokers.TestInvoker.invokeTestMethod(TestInvoker.java:230)\n\tat org.testng.internal.invokers.MethodRunner.runInSequence(MethodRunner.java:63)\n\tat org.testng.internal.invokers.TestInvoker$MethodInvocationAgent.invoke(TestInvoker.java:1005)\n\tat org.testng.internal.invokers.TestInvoker.invokeTestMethods(TestInvoker.java:203)\n\tat org.testng.internal.invokers.TestMethodWorker.invokeTestMethods(TestMethodWorker.java:154)\n\tat org.testng.internal.invokers.TestMethodWorker.run(TestMethodWorker.java:134)\n\tat java.base/java.util.concurrent.Executors$RunnableAdapter.call(Executors.java:545)\n\tat java.base/java.util.concurrent.FutureTask.run(FutureTask.java:328)\n\tat org.testng.internal.thread.graph.TestNGFutureTask.run(TestNGFutureTask.java:22)\n\tat java.base/java.util.concurrent.ThreadPoolExecutor.runWorker(ThreadPoolExecutor.java:1090)\n\tat java.base/java.util.concurrent.ThreadPoolExecutor$Worker.run(ThreadPoolExecutor.java:614)\n\tat java.base/java.lang.Thread.run(Thread.java:1474)\n","steps":[],"attachments":[],"parameters":[{"name":"response","value":"io.restassured.internal.RestAssuredResponseImpl@7e61bfe"},{"name":"expectedStatus","value":"200"}],"stepsCount":0,"shouldDisplayMessage":true,"attachmentsCount":0,"hasContent":true,"attachmentStep":false}],"attachments":[{"uid":"d0c7f5a37cedd0cf","name":"Stack Trace","source":"d0c7f5a37cedd0cf.txt","type":"text/plain","size":1737}],"parameters":[],"stepsCount":2,"shouldDisplayMessage":false,"attachmentsCount":3,"hasContent":true,"attachmentStep":false},"afterStages":[{"name":"baseAfterMethod","time":{"start":1771100687735,"stop":1771100687735,"duration":0},"description":"","status":"passed","steps":[],"attachments":[],"parameters":[],"stepsCount":0,"shouldDisplayMessage":false,"attachmentsCount":0,"hasContent":false,"attachmentStep":false}],"labels":[{"name":"package","value":"ua.kpi.sc.test.api.tests.auth.AuthForgotPasswordTest"},{"name":"testClass","value":"ua.kpi.sc.test.api.tests.auth.AuthForgotPasswordTest"},{"name":"testMethod","value":"noEmailSentForOAuthOnlyAccount"},{"name":"parentSuite","value":"Regression Tests"},{"name":"suite","value":"Regression"},{"name":"subSuite","value":"ua.kpi.sc.test.api.tests.auth.AuthForgotPasswordTest"},{"name":"host","value":"runnervmjduv7"},{"name":"thread","value":"4768@runnervmjduv7.TestNG-test-Regression-2(38)"},{"name":"framework","value":"testng"},{"name":"language","value":"java"},{"name":"epic","value":"Authentication"},{"name":"feature","value":"Forgot Password"},{"name":"thread","value":"TestNG-test-Regression-2"},{"name":"resultFormat","value":"allure2"}],"parameters":[],"links":[],"hidden":false,"retry":false,"extra":{"severity":"normal","retries":[],"categories":[{"name":"Product defects","matchedStatuses":[],"flaky":false}],"history":{"statistic":{"failed":1,"broken":0,"skipped":0,"passed":3,"unknown":0,"total":4},"items":[{"uid":"1771fa32bd216acc","reportUrl":"https://sc-kpi.github.io/sc-kpi-api-tests/13/#testresult/1771fa32bd216acc","status":"passed","time":{"start":1771053719999,"stop":1771053722100,"duration":2101}},{"uid":"b738a42c68b5eff5","reportUrl":"https://sc-kpi.github.io/sc-kpi-api-tests/12/#testresult/b738a42c68b5eff5","status":"passed","time":{"start":1771053260178,"stop":1771053262350,"duration":2172}},{"uid":"498e4724e84364d6","reportUrl":"https://sc-kpi.github.io/sc-kpi-api-tests/1/#testresult/498e4724e84364d6","status":"passed","time":{"start":1771041952176,"stop":1771041954386,"duration":2210}}]},"tags":[]},"source":"697c908883390d3.json","parameterValues":[]}