{"uid":"8fadddbd6ae0c8fd","name":"Multiple forgot password calls all return 200","fullName":"ua.kpi.sc.test.api.tests.auth.AuthForgotPasswordTest.multipleForgotPasswordCallsAllReturn200","historyId":"f65839aedcd0fc3493add9c06a4ba980","time":{"start":1771100686736,"stop":1771100687654,"duration":918},"status":"failed","statusMessage":"[Expected HTTP status 200 but got 204. Body: ] \nexpected: 200\n but was: 204","statusTrace":"java.lang.AssertionError: [Expected HTTP status 200 but got 204. Body: ] \nexpected: 200\n but was: 204\n\tat ua.kpi.sc.test.api.util.AssertionHelper.assertStatusCode(AssertionHelper.java:18)\n\tat ua.kpi.sc.test.api.base.BaseApiTest.assertOk(BaseApiTest.java:117)\n\tat ua.kpi.sc.test.api.tests.auth.AuthForgotPasswordTest.multipleForgotPasswordCallsAllReturn200(AuthForgotPasswordTest.java:107)\n\tat java.base/jdk.internal.reflect.DirectMethodHandleAccessor.invoke(DirectMethodHandleAccessor.java:104)\n\tat java.base/java.lang.reflect.Method.invoke(Method.java:565)\n\tat org.testng.internal.invokers.MethodInvocationHelper.invokeMethod(MethodInvocationHelper.java:141)\n\tat org.testng.internal.invokers.TestInvoker.invokeMethod(TestInvoker.java:697)\n\tat org.testng.internal.invokers.TestInvoker.invokeTestMethod(TestInvoker.java:230)\n\tat org.testng.internal.invokers.MethodRunner.runInSequence(MethodRunner.java:63)\n\tat org.testng.internal.invokers.TestInvoker$MethodInvocationAgent.invoke(TestInvoker.java:1005)\n\tat org.testng.internal.invokers.TestInvoker.invokeTestMethods(TestInvoker.java:203)\n\tat org.testng.internal.invokers.TestMethodWorker.invokeTestMethods(TestMethodWorker.java:154)\n\tat org.testng.internal.invokers.TestMethodWorker.run(TestMethodWorker.java:134)\n\tat java.base/java.util.concurrent.Executors$RunnableAdapter.call(Executors.java:545)\n\tat java.base/java.util.concurrent.FutureTask.run(FutureTask.java:328)\n\tat org.testng.internal.thread.graph.TestNGFutureTask.run(TestNGFutureTask.java:22)\n\tat java.base/java.util.concurrent.ThreadPoolExecutor.runWorker(ThreadPoolExecutor.java:1090)\n\tat java.base/java.util.concurrent.ThreadPoolExecutor$Worker.run(ThreadPoolExecutor.java:614)\n\tat java.base/java.lang.Thread.run(Thread.java:1474)\n","flaky":false,"newFailed":true,"newBroken":false,"newPassed":false,"retriesCount":0,"retriesStatusChange":false,"beforeStages":[{"name":"baseSetUp","time":{"start":1771100676941,"stop":1771100677451,"duration":510},"description":"","status":"passed","steps":[],"attachments":[],"parameters":[],"stepsCount":0,"shouldDisplayMessage":false,"attachmentsCount":0,"hasContent":false,"attachmentStep":false},{"name":"baseBeforeMethod","time":{"start":1771100686735,"stop":1771100686735,"duration":0},"description":"","status":"passed","steps":[],"attachments":[],"parameters":[],"stepsCount":0,"shouldDisplayMessage":false,"attachmentsCount":0,"hasContent":false,"attachmentStep":false}],"testStage":{"status":"failed","statusMessage":"[Expected HTTP status 200 but got 204. Body: ] \nexpected: 200\n but was: 204","statusTrace":"java.lang.AssertionError: [Expected HTTP status 200 but got 204. Body: ] \nexpected: 200\n but was: 204\n\tat ua.kpi.sc.test.api.util.AssertionHelper.assertStatusCode(AssertionHelper.java:18)\n\tat ua.kpi.sc.test.api.base.BaseApiTest.assertOk(BaseApiTest.java:117)\n\tat ua.kpi.sc.test.api.tests.auth.AuthForgotPasswordTest.multipleForgotPasswordCallsAllReturn200(AuthForgotPasswordTest.java:107)\n\tat java.base/jdk.internal.reflect.DirectMethodHandleAccessor.invoke(DirectMethodHandleAccessor.java:104)\n\tat java.base/java.lang.reflect.Method.invoke(Method.java:565)\n\tat org.testng.internal.invokers.MethodInvocationHelper.invokeMethod(MethodInvocationHelper.java:141)\n\tat org.testng.internal.invokers.TestInvoker.invokeMethod(TestInvoker.java:697)\n\tat org.testng.internal.invokers.TestInvoker.invokeTestMethod(TestInvoker.java:230)\n\tat org.testng.internal.invokers.MethodRunner.runInSequence(MethodRunner.java:63)\n\tat org.testng.internal.invokers.TestInvoker$MethodInvocationAgent.invoke(TestInvoker.java:1005)\n\tat org.testng.internal.invokers.TestInvoker.invokeTestMethods(TestInvoker.java:203)\n\tat org.testng.internal.invokers.TestMethodWorker.invokeTestMethods(TestMethodWorker.java:154)\n\tat org.testng.internal.invokers.TestMethodWorker.run(TestMethodWorker.java:134)\n\tat java.base/java.util.concurrent.Executors$RunnableAdapter.call(Executors.java:545)\n\tat java.base/java.util.concurrent.FutureTask.run(FutureTask.java:328)\n\tat org.testng.internal.thread.graph.TestNGFutureTask.run(TestNGFutureTask.java:22)\n\tat java.base/java.util.concurrent.ThreadPoolExecutor.runWorker(ThreadPoolExecutor.java:1090)\n\tat java.base/java.util.concurrent.ThreadPoolExecutor$Worker.run(ThreadPoolExecutor.java:614)\n\tat java.base/java.lang.Thread.run(Thread.java:1474)\n","steps":[{"name":"POST /auth/register — Register user: patrice.larkin@hotmail.com","time":{"start":1771100686736,"stop":1771100687424,"duration":688},"status":"passed","steps":[],"attachments":[{"uid":"8735e2910e9a8e42","name":"Request","source":"8735e2910e9a8e42.html","type":"text/html","size":933},{"uid":"4eb2fe7fb1b37ca1","name":"HTTP/1.1 201 ","source":"4eb2fe7fb1b37ca1.html","type":"text/html","size":1197}],"parameters":[{"name":"request","value":"RegisterRequest(email=patrice.larkin@hotmail.com, password=Test@084353, firstName=Marcelino, lastName=Littel)"}],"stepsCount":0,"shouldDisplayMessage":false,"attachmentsCount":2,"hasContent":true,"attachmentStep":false},{"name":"POST /auth/forgot-password — Request password reset for: patrice.larkin@hotmail.com","time":{"start":1771100687428,"stop":1771100687497,"duration":69},"status":"passed","steps":[],"attachments":[{"uid":"d35a59a771e9f8e6","name":"Request","source":"d35a59a771e9f8e6.html","type":"text/html","size":653},{"uid":"931a92553817f3d8","name":"HTTP/1.1 204 ","source":"931a92553817f3d8.html","type":"text/html","size":609}],"parameters":[{"name":"request","value":"ForgotPasswordRequest(email=patrice.larkin@hotmail.com)"}],"stepsCount":0,"shouldDisplayMessage":false,"attachmentsCount":2,"hasContent":true,"attachmentStep":false},{"name":"POST /auth/forgot-password — Request password reset for: patrice.larkin@hotmail.com","time":{"start":1771100687497,"stop":1771100687546,"duration":49},"status":"passed","steps":[],"attachments":[{"uid":"596395858d3d53da","name":"Request","source":"596395858d3d53da.html","type":"text/html","size":653},{"uid":"f164eb9734b2fdc5","name":"HTTP/1.1 204 ","source":"f164eb9734b2fdc5.html","type":"text/html","size":609}],"parameters":[{"name":"request","value":"ForgotPasswordRequest(email=patrice.larkin@hotmail.com)"}],"stepsCount":0,"shouldDisplayMessage":false,"attachmentsCount":2,"hasContent":true,"attachmentStep":false},{"name":"POST /auth/forgot-password — Request password reset for: patrice.larkin@hotmail.com","time":{"start":1771100687546,"stop":1771100687648,"duration":102},"status":"passed","steps":[],"attachments":[{"uid":"240a35af3eb2f4f8","name":"Request","source":"240a35af3eb2f4f8.html","type":"text/html","size":653},{"uid":"a3e88aaf7a5b3601","name":"HTTP/1.1 204 ","source":"a3e88aaf7a5b3601.html","type":"text/html","size":609}],"parameters":[{"name":"request","value":"ForgotPasswordRequest(email=patrice.larkin@hotmail.com)"}],"stepsCount":0,"shouldDisplayMessage":false,"attachmentsCount":2,"hasContent":true,"attachmentStep":false},{"name":"Assert status code is 200","time":{"start":1771100687649,"stop":1771100687652,"duration":3},"status":"failed","statusMessage":"[Expected HTTP status 200 but got 204. Body: ] \nexpected: 200\n but was: 204","statusTrace":"java.lang.AssertionError: [Expected HTTP status 200 but got 204. Body: ] \nexpected: 200\n but was: 204\n\tat ua.kpi.sc.test.api.util.AssertionHelper.assertStatusCode(AssertionHelper.java:18)\n\tat ua.kpi.sc.test.api.base.BaseApiTest.assertOk(BaseApiTest.java:117)\n\tat ua.kpi.sc.test.api.tests.auth.AuthForgotPasswordTest.multipleForgotPasswordCallsAllReturn200(AuthForgotPasswordTest.java:107)\n\tat java.base/jdk.internal.reflect.DirectMethodHandleAccessor.invoke(DirectMethodHandleAccessor.java:104)\n\tat java.base/java.lang.reflect.Method.invoke(Method.java:565)\n\tat org.testng.internal.invokers.MethodInvocationHelper.invokeMethod(MethodInvocationHelper.java:141)\n\tat org.testng.internal.invokers.TestInvoker.invokeMethod(TestInvoker.java:697)\n\tat org.testng.internal.invokers.TestInvoker.invokeTestMethod(TestInvoker.java:230)\n\tat org.testng.internal.invokers.MethodRunner.runInSequence(MethodRunner.java:63)\n\tat org.testng.internal.invokers.TestInvoker$MethodInvocationAgent.invoke(TestInvoker.java:1005)\n\tat org.testng.internal.invokers.TestInvoker.invokeTestMethods(TestInvoker.java:203)\n\tat org.testng.internal.invokers.TestMethodWorker.invokeTestMethods(TestMethodWorker.java:154)\n\tat org.testng.internal.invokers.TestMethodWorker.run(TestMethodWorker.java:134)\n\tat java.base/java.util.concurrent.Executors$RunnableAdapter.call(Executors.java:545)\n\tat java.base/java.util.concurrent.FutureTask.run(FutureTask.java:328)\n\tat org.testng.internal.thread.graph.TestNGFutureTask.run(TestNGFutureTask.java:22)\n\tat java.base/java.util.concurrent.ThreadPoolExecutor.runWorker(ThreadPoolExecutor.java:1090)\n\tat java.base/java.util.concurrent.ThreadPoolExecutor$Worker.run(ThreadPoolExecutor.java:614)\n\tat java.base/java.lang.Thread.run(Thread.java:1474)\n","steps":[],"attachments":[],"parameters":[{"name":"response","value":"io.restassured.internal.RestAssuredResponseImpl@19da9a5b"},{"name":"expectedStatus","value":"200"}],"stepsCount":0,"shouldDisplayMessage":true,"attachmentsCount":0,"hasContent":true,"attachmentStep":false}],"attachments":[{"uid":"1d7bb741a8203233","name":"Stack Trace","source":"1d7bb741a8203233.txt","type":"text/plain","size":1746}],"parameters":[],"stepsCount":5,"shouldDisplayMessage":false,"attachmentsCount":9,"hasContent":true,"attachmentStep":false},"afterStages":[{"name":"baseAfterMethod","time":{"start":1771100687656,"stop":1771100687656,"duration":0},"description":"","status":"passed","steps":[],"attachments":[],"parameters":[],"stepsCount":0,"shouldDisplayMessage":false,"attachmentsCount":0,"hasContent":false,"attachmentStep":false}],"labels":[{"name":"package","value":"ua.kpi.sc.test.api.tests.auth.AuthForgotPasswordTest"},{"name":"testClass","value":"ua.kpi.sc.test.api.tests.auth.AuthForgotPasswordTest"},{"name":"testMethod","value":"multipleForgotPasswordCallsAllReturn200"},{"name":"parentSuite","value":"Regression Tests"},{"name":"suite","value":"Regression"},{"name":"subSuite","value":"ua.kpi.sc.test.api.tests.auth.AuthForgotPasswordTest"},{"name":"host","value":"runnervmjduv7"},{"name":"thread","value":"4768@runnervmjduv7.TestNG-test-Regression-2(38)"},{"name":"framework","value":"testng"},{"name":"language","value":"java"},{"name":"epic","value":"Authentication"},{"name":"feature","value":"Forgot Password"},{"name":"thread","value":"TestNG-test-Regression-2"},{"name":"resultFormat","value":"allure2"}],"parameters":[],"links":[],"hidden":false,"retry":false,"extra":{"severity":"normal","retries":[],"categories":[{"name":"Product defects","matchedStatuses":[],"flaky":false}],"history":{"statistic":{"failed":1,"broken":0,"skipped":0,"passed":3,"unknown":0,"total":4},"items":[{"uid":"56fd3b1878b4ac63","reportUrl":"https://sc-kpi.github.io/sc-kpi-api-tests/13/#testresult/56fd3b1878b4ac63","status":"passed","time":{"start":1771053719208,"stop":1771053719993,"duration":785}},{"uid":"9d9a88b824124b0b","reportUrl":"https://sc-kpi.github.io/sc-kpi-api-tests/12/#testresult/9d9a88b824124b0b","status":"passed","time":{"start":1771053259352,"stop":1771053260117,"duration":765}},{"uid":"b14e6015571bc871","reportUrl":"https://sc-kpi.github.io/sc-kpi-api-tests/1/#testresult/b14e6015571bc871","status":"passed","time":{"start":1771041951414,"stop":1771041952149,"duration":735}}]},"tags":[]},"source":"8fadddbd6ae0c8fd.json","parameterValues":[]}