{"uid":"95fa70d06d908c5c","name":"Forgot password 200 body doesn't reveal email existence","fullName":"ua.kpi.sc.test.api.tests.auth.AuthForgotPasswordTest.forgotPassword200BodyDoesNotRevealEmailExistence","historyId":"b7580b90b7087cf2d98e0521fa2dee3a","time":{"start":1771100677594,"stop":1771100680517,"duration":2923},"status":"failed","statusMessage":"[Expected HTTP status 200 but got 204. Body: ] \nexpected: 200\n but was: 204","statusTrace":"java.lang.AssertionError: [Expected HTTP status 200 but got 204. Body: ] \nexpected: 200\n but was: 204\n\tat ua.kpi.sc.test.api.util.AssertionHelper.assertStatusCode(AssertionHelper.java:18)\n\tat ua.kpi.sc.test.api.base.BaseApiTest.assertOk(BaseApiTest.java:117)\n\tat ua.kpi.sc.test.api.tests.auth.AuthForgotPasswordTest.forgotPassword200BodyDoesNotRevealEmailExistence(AuthForgotPasswordTest.java:225)\n\tat java.base/jdk.internal.reflect.DirectMethodHandleAccessor.invoke(DirectMethodHandleAccessor.java:104)\n\tat java.base/java.lang.reflect.Method.invoke(Method.java:565)\n\tat org.testng.internal.invokers.MethodInvocationHelper.invokeMethod(MethodInvocationHelper.java:141)\n\tat org.testng.internal.invokers.TestInvoker.invokeMethod(TestInvoker.java:697)\n\tat org.testng.internal.invokers.TestInvoker.invokeTestMethod(TestInvoker.java:230)\n\tat org.testng.internal.invokers.MethodRunner.runInSequence(MethodRunner.java:63)\n\tat org.testng.internal.invokers.TestInvoker$MethodInvocationAgent.invoke(TestInvoker.java:1005)\n\tat org.testng.internal.invokers.TestInvoker.invokeTestMethods(TestInvoker.java:203)\n\tat org.testng.internal.invokers.TestMethodWorker.invokeTestMethods(TestMethodWorker.java:154)\n\tat org.testng.internal.invokers.TestMethodWorker.run(TestMethodWorker.java:134)\n\tat java.base/java.util.concurrent.Executors$RunnableAdapter.call(Executors.java:545)\n\tat java.base/java.util.concurrent.FutureTask.run(FutureTask.java:328)\n\tat org.testng.internal.thread.graph.TestNGFutureTask.run(TestNGFutureTask.java:22)\n\tat java.base/java.util.concurrent.ThreadPoolExecutor.runWorker(ThreadPoolExecutor.java:1090)\n\tat java.base/java.util.concurrent.ThreadPoolExecutor$Worker.run(ThreadPoolExecutor.java:614)\n\tat java.base/java.lang.Thread.run(Thread.java:1474)\n","flaky":false,"newFailed":true,"newBroken":false,"newPassed":false,"retriesCount":0,"retriesStatusChange":false,"beforeStages":[{"name":"baseSetUp","time":{"start":1771100676941,"stop":1771100677451,"duration":510},"description":"","status":"passed","steps":[],"attachments":[],"parameters":[],"stepsCount":0,"shouldDisplayMessage":false,"attachmentsCount":0,"hasContent":false,"attachmentStep":false},{"name":"baseBeforeMethod","time":{"start":1771100677469,"stop":1771100677477,"duration":8},"description":"","status":"passed","steps":[],"attachments":[],"parameters":[],"stepsCount":0,"shouldDisplayMessage":false,"attachmentsCount":0,"hasContent":false,"attachmentStep":false}],"testStage":{"status":"failed","statusMessage":"[Expected HTTP status 200 but got 204. Body: ] \nexpected: 200\n but was: 204","statusTrace":"java.lang.AssertionError: [Expected HTTP status 200 but got 204. Body: ] \nexpected: 200\n but was: 204\n\tat ua.kpi.sc.test.api.util.AssertionHelper.assertStatusCode(AssertionHelper.java:18)\n\tat ua.kpi.sc.test.api.base.BaseApiTest.assertOk(BaseApiTest.java:117)\n\tat ua.kpi.sc.test.api.tests.auth.AuthForgotPasswordTest.forgotPassword200BodyDoesNotRevealEmailExistence(AuthForgotPasswordTest.java:225)\n\tat java.base/jdk.internal.reflect.DirectMethodHandleAccessor.invoke(DirectMethodHandleAccessor.java:104)\n\tat java.base/java.lang.reflect.Method.invoke(Method.java:565)\n\tat org.testng.internal.invokers.MethodInvocationHelper.invokeMethod(MethodInvocationHelper.java:141)\n\tat org.testng.internal.invokers.TestInvoker.invokeMethod(TestInvoker.java:697)\n\tat org.testng.internal.invokers.TestInvoker.invokeTestMethod(TestInvoker.java:230)\n\tat org.testng.internal.invokers.MethodRunner.runInSequence(MethodRunner.java:63)\n\tat org.testng.internal.invokers.TestInvoker$MethodInvocationAgent.invoke(TestInvoker.java:1005)\n\tat org.testng.internal.invokers.TestInvoker.invokeTestMethods(TestInvoker.java:203)\n\tat org.testng.internal.invokers.TestMethodWorker.invokeTestMethods(TestMethodWorker.java:154)\n\tat org.testng.internal.invokers.TestMethodWorker.run(TestMethodWorker.java:134)\n\tat java.base/java.util.concurrent.Executors$RunnableAdapter.call(Executors.java:545)\n\tat java.base/java.util.concurrent.FutureTask.run(FutureTask.java:328)\n\tat org.testng.internal.thread.graph.TestNGFutureTask.run(TestNGFutureTask.java:22)\n\tat java.base/java.util.concurrent.ThreadPoolExecutor.runWorker(ThreadPoolExecutor.java:1090)\n\tat java.base/java.util.concurrent.ThreadPoolExecutor$Worker.run(ThreadPoolExecutor.java:614)\n\tat java.base/java.lang.Thread.run(Thread.java:1474)\n","steps":[{"name":"POST /auth/register — Register user: lean.walsh@hotmail.com","time":{"start":1771100677923,"stop":1771100680244,"duration":2321},"status":"passed","steps":[],"attachments":[{"uid":"f58ccc2513d1e292","name":"Request","source":"f58ccc2513d1e292.html","type":"text/html","size":919},{"uid":"2969009daec835a7","name":"HTTP/1.1 201 ","source":"2969009daec835a7.html","type":"text/html","size":1190}],"parameters":[{"name":"request","value":"RegisterRequest(email=lean.walsh@hotmail.com, password=Test@594571, firstName=Travis, lastName=Lehner)"}],"stepsCount":0,"shouldDisplayMessage":false,"attachmentsCount":2,"hasContent":true,"attachmentStep":false},{"name":"POST /auth/forgot-password — Request password reset for: lean.walsh@hotmail.com","time":{"start":1771100680244,"stop":1771100680392,"duration":148},"status":"passed","steps":[],"attachments":[{"uid":"44cb59f5edcb5255","name":"Request","source":"44cb59f5edcb5255.html","type":"text/html","size":645},{"uid":"80f07d5751e26e72","name":"HTTP/1.1 204 ","source":"80f07d5751e26e72.html","type":"text/html","size":609}],"parameters":[{"name":"request","value":"ForgotPasswordRequest(email=lean.walsh@hotmail.com)"}],"stepsCount":0,"shouldDisplayMessage":false,"attachmentsCount":2,"hasContent":true,"attachmentStep":false},{"name":"POST /auth/forgot-password — Request password reset for: nonexistent-246320674331@kpi.ua","time":{"start":1771100680393,"stop":1771100680487,"duration":94},"status":"passed","steps":[],"attachments":[{"uid":"17555bdcf15988ef","name":"Request","source":"17555bdcf15988ef.html","type":"text/html","size":663},{"uid":"21d87c4f3cd1ac86","name":"HTTP/1.1 204 ","source":"21d87c4f3cd1ac86.html","type":"text/html","size":609}],"parameters":[{"name":"request","value":"ForgotPasswordRequest(email=nonexistent-246320674331@kpi.ua)"}],"stepsCount":0,"shouldDisplayMessage":false,"attachmentsCount":2,"hasContent":true,"attachmentStep":false},{"name":"Assert status code is 200","time":{"start":1771100680487,"stop":1771100680508,"duration":21},"status":"failed","statusMessage":"[Expected HTTP status 200 but got 204. Body: ] \nexpected: 200\n but was: 204","statusTrace":"java.lang.AssertionError: [Expected HTTP status 200 but got 204. Body: ] \nexpected: 200\n but was: 204\n\tat ua.kpi.sc.test.api.util.AssertionHelper.assertStatusCode(AssertionHelper.java:18)\n\tat ua.kpi.sc.test.api.base.BaseApiTest.assertOk(BaseApiTest.java:117)\n\tat ua.kpi.sc.test.api.tests.auth.AuthForgotPasswordTest.forgotPassword200BodyDoesNotRevealEmailExistence(AuthForgotPasswordTest.java:225)\n\tat java.base/jdk.internal.reflect.DirectMethodHandleAccessor.invoke(DirectMethodHandleAccessor.java:104)\n\tat java.base/java.lang.reflect.Method.invoke(Method.java:565)\n\tat org.testng.internal.invokers.MethodInvocationHelper.invokeMethod(MethodInvocationHelper.java:141)\n\tat org.testng.internal.invokers.TestInvoker.invokeMethod(TestInvoker.java:697)\n\tat org.testng.internal.invokers.TestInvoker.invokeTestMethod(TestInvoker.java:230)\n\tat org.testng.internal.invokers.MethodRunner.runInSequence(MethodRunner.java:63)\n\tat org.testng.internal.invokers.TestInvoker$MethodInvocationAgent.invoke(TestInvoker.java:1005)\n\tat org.testng.internal.invokers.TestInvoker.invokeTestMethods(TestInvoker.java:203)\n\tat org.testng.internal.invokers.TestMethodWorker.invokeTestMethods(TestMethodWorker.java:154)\n\tat org.testng.internal.invokers.TestMethodWorker.run(TestMethodWorker.java:134)\n\tat java.base/java.util.concurrent.Executors$RunnableAdapter.call(Executors.java:545)\n\tat java.base/java.util.concurrent.FutureTask.run(FutureTask.java:328)\n\tat org.testng.internal.thread.graph.TestNGFutureTask.run(TestNGFutureTask.java:22)\n\tat java.base/java.util.concurrent.ThreadPoolExecutor.runWorker(ThreadPoolExecutor.java:1090)\n\tat java.base/java.util.concurrent.ThreadPoolExecutor$Worker.run(ThreadPoolExecutor.java:614)\n\tat java.base/java.lang.Thread.run(Thread.java:1474)\n","steps":[],"attachments":[],"parameters":[{"name":"response","value":"io.restassured.internal.RestAssuredResponseImpl@125eef43"},{"name":"expectedStatus","value":"200"}],"stepsCount":0,"shouldDisplayMessage":true,"attachmentsCount":0,"hasContent":true,"attachmentStep":false}],"attachments":[{"uid":"82b77ce31a537469","name":"Stack Trace","source":"82b77ce31a537469.txt","type":"text/plain","size":1755}],"parameters":[],"stepsCount":4,"shouldDisplayMessage":false,"attachmentsCount":7,"hasContent":true,"attachmentStep":false},"afterStages":[{"name":"baseAfterMethod","time":{"start":1771100680553,"stop":1771100680553,"duration":0},"description":"","status":"passed","steps":[],"attachments":[],"parameters":[],"stepsCount":0,"shouldDisplayMessage":false,"attachmentsCount":0,"hasContent":false,"attachmentStep":false}],"labels":[{"name":"package","value":"ua.kpi.sc.test.api.tests.auth.AuthForgotPasswordTest"},{"name":"testClass","value":"ua.kpi.sc.test.api.tests.auth.AuthForgotPasswordTest"},{"name":"testMethod","value":"forgotPassword200BodyDoesNotRevealEmailExistence"},{"name":"parentSuite","value":"Regression Tests"},{"name":"suite","value":"Regression"},{"name":"subSuite","value":"ua.kpi.sc.test.api.tests.auth.AuthForgotPasswordTest"},{"name":"host","value":"runnervmjduv7"},{"name":"thread","value":"4768@runnervmjduv7.TestNG-test-Regression-2(38)"},{"name":"framework","value":"testng"},{"name":"language","value":"java"},{"name":"epic","value":"Authentication"},{"name":"feature","value":"Forgot Password"},{"name":"thread","value":"TestNG-test-Regression-2"},{"name":"resultFormat","value":"allure2"}],"parameters":[],"links":[],"hidden":false,"retry":false,"extra":{"severity":"normal","retries":[],"categories":[{"name":"Product defects","matchedStatuses":[],"flaky":false}],"history":{"statistic":{"failed":1,"broken":0,"skipped":0,"passed":3,"unknown":0,"total":4},"items":[{"uid":"2de4b0f13bacf914","reportUrl":"https://sc-kpi.github.io/sc-kpi-api-tests/13/#testresult/2de4b0f13bacf914","status":"passed","time":{"start":1771053709062,"stop":1771053712247,"duration":3185}},{"uid":"57b16f80c805605f","reportUrl":"https://sc-kpi.github.io/sc-kpi-api-tests/12/#testresult/57b16f80c805605f","status":"passed","time":{"start":1771053230087,"stop":1771053231194,"duration":1107}},{"uid":"a6742ea01eabc4f4","reportUrl":"https://sc-kpi.github.io/sc-kpi-api-tests/1/#testresult/a6742ea01eabc4f4","status":"passed","time":{"start":1771041942191,"stop":1771041943465,"duration":1274}}]},"tags":[]},"source":"95fa70d06d908c5c.json","parameterValues":[]}