{"uid":"fdd8e39d399051c8","name":"Forgot password returns 200 for non-existent email (enumeration prevention)","fullName":"ua.kpi.sc.test.api.tests.auth.AuthForgotPasswordTest.forgotPasswordReturns200ForNonExistentEmail","historyId":"237ed8d6ae7ecfd285cb25be59a0b7c2","time":{"start":1771100684143,"stop":1771100684231,"duration":88},"status":"failed","statusMessage":"[Expected HTTP status 200 but got 204. Body: ] \nexpected: 200\n but was: 204","statusTrace":"java.lang.AssertionError: [Expected HTTP status 200 but got 204. Body: ] \nexpected: 200\n but was: 204\n\tat ua.kpi.sc.test.api.util.AssertionHelper.assertStatusCode(AssertionHelper.java:18)\n\tat ua.kpi.sc.test.api.base.BaseApiTest.assertOk(BaseApiTest.java:117)\n\tat ua.kpi.sc.test.api.tests.auth.AuthForgotPasswordTest.forgotPasswordReturns200ForNonExistentEmail(AuthForgotPasswordTest.java:48)\n\tat java.base/jdk.internal.reflect.DirectMethodHandleAccessor.invoke(DirectMethodHandleAccessor.java:104)\n\tat java.base/java.lang.reflect.Method.invoke(Method.java:565)\n\tat org.testng.internal.invokers.MethodInvocationHelper.invokeMethod(MethodInvocationHelper.java:141)\n\tat org.testng.internal.invokers.TestInvoker.invokeMethod(TestInvoker.java:697)\n\tat org.testng.internal.invokers.TestInvoker.invokeTestMethod(TestInvoker.java:230)\n\tat org.testng.internal.invokers.MethodRunner.runInSequence(MethodRunner.java:63)\n\tat org.testng.internal.invokers.TestInvoker$MethodInvocationAgent.invoke(TestInvoker.java:1005)\n\tat org.testng.internal.invokers.TestInvoker.invokeTestMethods(TestInvoker.java:203)\n\tat org.testng.internal.invokers.TestMethodWorker.invokeTestMethods(TestMethodWorker.java:154)\n\tat org.testng.internal.invokers.TestMethodWorker.run(TestMethodWorker.java:134)\n\tat java.base/java.util.concurrent.Executors$RunnableAdapter.call(Executors.java:545)\n\tat java.base/java.util.concurrent.FutureTask.run(FutureTask.java:328)\n\tat org.testng.internal.thread.graph.TestNGFutureTask.run(TestNGFutureTask.java:22)\n\tat java.base/java.util.concurrent.ThreadPoolExecutor.runWorker(ThreadPoolExecutor.java:1090)\n\tat java.base/java.util.concurrent.ThreadPoolExecutor$Worker.run(ThreadPoolExecutor.java:614)\n\tat java.base/java.lang.Thread.run(Thread.java:1474)\n","flaky":false,"newFailed":true,"newBroken":false,"newPassed":false,"retriesCount":0,"retriesStatusChange":false,"beforeStages":[{"name":"baseSetUp","time":{"start":1771100676941,"stop":1771100677451,"duration":510},"description":"","status":"passed","steps":[],"attachments":[],"parameters":[],"stepsCount":0,"shouldDisplayMessage":false,"attachmentsCount":0,"hasContent":false,"attachmentStep":false},{"name":"baseBeforeMethod","time":{"start":1771100684140,"stop":1771100684140,"duration":0},"description":"","status":"passed","steps":[],"attachments":[],"parameters":[],"stepsCount":0,"shouldDisplayMessage":false,"attachmentsCount":0,"hasContent":false,"attachmentStep":false}],"testStage":{"status":"failed","statusMessage":"[Expected HTTP status 200 but got 204. Body: ] \nexpected: 200\n but was: 204","statusTrace":"java.lang.AssertionError: [Expected HTTP status 200 but got 204. Body: ] \nexpected: 200\n but was: 204\n\tat ua.kpi.sc.test.api.util.AssertionHelper.assertStatusCode(AssertionHelper.java:18)\n\tat ua.kpi.sc.test.api.base.BaseApiTest.assertOk(BaseApiTest.java:117)\n\tat ua.kpi.sc.test.api.tests.auth.AuthForgotPasswordTest.forgotPasswordReturns200ForNonExistentEmail(AuthForgotPasswordTest.java:48)\n\tat java.base/jdk.internal.reflect.DirectMethodHandleAccessor.invoke(DirectMethodHandleAccessor.java:104)\n\tat java.base/java.lang.reflect.Method.invoke(Method.java:565)\n\tat org.testng.internal.invokers.MethodInvocationHelper.invokeMethod(MethodInvocationHelper.java:141)\n\tat org.testng.internal.invokers.TestInvoker.invokeMethod(TestInvoker.java:697)\n\tat org.testng.internal.invokers.TestInvoker.invokeTestMethod(TestInvoker.java:230)\n\tat org.testng.internal.invokers.MethodRunner.runInSequence(MethodRunner.java:63)\n\tat org.testng.internal.invokers.TestInvoker$MethodInvocationAgent.invoke(TestInvoker.java:1005)\n\tat org.testng.internal.invokers.TestInvoker.invokeTestMethods(TestInvoker.java:203)\n\tat org.testng.internal.invokers.TestMethodWorker.invokeTestMethods(TestMethodWorker.java:154)\n\tat org.testng.internal.invokers.TestMethodWorker.run(TestMethodWorker.java:134)\n\tat java.base/java.util.concurrent.Executors$RunnableAdapter.call(Executors.java:545)\n\tat java.base/java.util.concurrent.FutureTask.run(FutureTask.java:328)\n\tat org.testng.internal.thread.graph.TestNGFutureTask.run(TestNGFutureTask.java:22)\n\tat java.base/java.util.concurrent.ThreadPoolExecutor.runWorker(ThreadPoolExecutor.java:1090)\n\tat java.base/java.util.concurrent.ThreadPoolExecutor$Worker.run(ThreadPoolExecutor.java:614)\n\tat java.base/java.lang.Thread.run(Thread.java:1474)\n","steps":[{"name":"POST /auth/forgot-password â€” Request password reset for: nonexistent-250075266308@kpi.ua","time":{"start":1771100684147,"stop":1771100684225,"duration":78},"status":"passed","steps":[],"attachments":[{"uid":"fb42ae79f6166c8a","name":"Request","source":"fb42ae79f6166c8a.html","type":"text/html","size":663},{"uid":"ce7c37a60ef4dace","name":"HTTP/1.1 204 ","source":"ce7c37a60ef4dace.html","type":"text/html","size":609}],"parameters":[{"name":"request","value":"ForgotPasswordRequest(email=nonexistent-250075266308@kpi.ua)"}],"stepsCount":0,"shouldDisplayMessage":false,"attachmentsCount":2,"hasContent":true,"attachmentStep":false},{"name":"Assert status code is 200","time":{"start":1771100684225,"stop":1771100684231,"duration":6},"status":"failed","statusMessage":"[Expected HTTP status 200 but got 204. Body: ] \nexpected: 200\n but was: 204","statusTrace":"java.lang.AssertionError: [Expected HTTP status 200 but got 204. Body: ] \nexpected: 200\n but was: 204\n\tat ua.kpi.sc.test.api.util.AssertionHelper.assertStatusCode(AssertionHelper.java:18)\n\tat ua.kpi.sc.test.api.base.BaseApiTest.assertOk(BaseApiTest.java:117)\n\tat ua.kpi.sc.test.api.tests.auth.AuthForgotPasswordTest.forgotPasswordReturns200ForNonExistentEmail(AuthForgotPasswordTest.java:48)\n\tat java.base/jdk.internal.reflect.DirectMethodHandleAccessor.invoke(DirectMethodHandleAccessor.java:104)\n\tat java.base/java.lang.reflect.Method.invoke(Method.java:565)\n\tat org.testng.internal.invokers.MethodInvocationHelper.invokeMethod(MethodInvocationHelper.java:141)\n\tat org.testng.internal.invokers.TestInvoker.invokeMethod(TestInvoker.java:697)\n\tat org.testng.internal.invokers.TestInvoker.invokeTestMethod(TestInvoker.java:230)\n\tat org.testng.internal.invokers.MethodRunner.runInSequence(MethodRunner.java:63)\n\tat org.testng.internal.invokers.TestInvoker$MethodInvocationAgent.invoke(TestInvoker.java:1005)\n\tat org.testng.internal.invokers.TestInvoker.invokeTestMethods(TestInvoker.java:203)\n\tat org.testng.internal.invokers.TestMethodWorker.invokeTestMethods(TestMethodWorker.java:154)\n\tat org.testng.internal.invokers.TestMethodWorker.run(TestMethodWorker.java:134)\n\tat java.base/java.util.concurrent.Executors$RunnableAdapter.call(Executors.java:545)\n\tat java.base/java.util.concurrent.FutureTask.run(FutureTask.java:328)\n\tat org.testng.internal.thread.graph.TestNGFutureTask.run(TestNGFutureTask.java:22)\n\tat java.base/java.util.concurrent.ThreadPoolExecutor.runWorker(ThreadPoolExecutor.java:1090)\n\tat java.base/java.util.concurrent.ThreadPoolExecutor$Worker.run(ThreadPoolExecutor.java:614)\n\tat java.base/java.lang.Thread.run(Thread.java:1474)\n","steps":[],"attachments":[],"parameters":[{"name":"response","value":"io.restassured.internal.RestAssuredResponseImpl@35d08332"},{"name":"expectedStatus","value":"200"}],"stepsCount":0,"shouldDisplayMessage":true,"attachmentsCount":0,"hasContent":true,"attachmentStep":false}],"attachments":[{"uid":"92f34e0a01edc2cb","name":"Stack Trace","source":"92f34e0a01edc2cb.txt","type":"text/plain","size":1749}],"parameters":[],"stepsCount":2,"shouldDisplayMessage":false,"attachmentsCount":3,"hasContent":true,"attachmentStep":false},"afterStages":[{"name":"baseAfterMethod","time":{"start":1771100684232,"stop":1771100684232,"duration":0},"description":"","status":"passed","steps":[],"attachments":[],"parameters":[],"stepsCount":0,"shouldDisplayMessage":false,"attachmentsCount":0,"hasContent":false,"attachmentStep":false}],"labels":[{"name":"package","value":"ua.kpi.sc.test.api.tests.auth.AuthForgotPasswordTest"},{"name":"testClass","value":"ua.kpi.sc.test.api.tests.auth.AuthForgotPasswordTest"},{"name":"testMethod","value":"forgotPasswordReturns200ForNonExistentEmail"},{"name":"parentSuite","value":"Regression Tests"},{"name":"suite","value":"Regression"},{"name":"subSuite","value":"ua.kpi.sc.test.api.tests.auth.AuthForgotPasswordTest"},{"name":"host","value":"runnervmjduv7"},{"name":"thread","value":"4768@runnervmjduv7.TestNG-test-Regression-2(38)"},{"name":"framework","value":"testng"},{"name":"language","value":"java"},{"name":"epic","value":"Authentication"},{"name":"feature","value":"Forgot Password"},{"name":"thread","value":"TestNG-test-Regression-2"},{"name":"resultFormat","value":"allure2"}],"parameters":[],"links":[],"hidden":false,"retry":false,"extra":{"severity":"normal","retries":[],"categories":[{"name":"Product defects","matchedStatuses":[],"flaky":false}],"history":{"statistic":{"failed":1,"broken":0,"skipped":0,"passed":3,"unknown":0,"total":4},"items":[{"uid":"975a9543b53b5fc4","reportUrl":"https://sc-kpi.github.io/sc-kpi-api-tests/13/#testresult/975a9543b53b5fc4","status":"passed","time":{"start":1771053716481,"stop":1771053716530,"duration":49}},{"uid":"a8feec90bc83203b","reportUrl":"https://sc-kpi.github.io/sc-kpi-api-tests/12/#testresult/a8feec90bc83203b","status":"passed","time":{"start":1771053255919,"stop":1771053255958,"duration":39}},{"uid":"4ea740c3c7ba09a8","reportUrl":"https://sc-kpi.github.io/sc-kpi-api-tests/1/#testresult/4ea740c3c7ba09a8","status":"passed","time":{"start":1771041947935,"stop":1771041947966,"duration":31}}]},"tags":[]},"source":"fdd8e39d399051c8.json","parameterValues":[]}